Log file opened on Sun Sep 16 13:55:12 2018
Host: uberhenk  pid: 23646  rank ID: 0  number of ranks:  1
                      :-) GROMACS - gmx mdrun, 2018.2 (-:

                            GROMACS is written by:
     Emile Apol      Rossen Apostolov      Paul Bauer     Herman J.C. Berendsen
    Par Bjelkmar    Aldert van Buuren   Rudi van Drunen     Anton Feenstra  
  Gerrit Groenhof    Aleksei Iupinov   Christoph Junghans   Anca Hamuraru   
 Vincent Hindriksen Dimitrios Karkoulis    Peter Kasson        Jiri Kraus    
  Carsten Kutzner      Per Larsson      Justin A. Lemkul    Viveca Lindahl  
  Magnus Lundborg   Pieter Meulenhoff    Erik Marklund      Teemu Murtola   
    Szilard Pall       Sander Pronk      Roland Schulz     Alexey Shvetsov  
   Michael Shirts     Alfons Sijbers     Peter Tieleman    Teemu Virolainen 
 Christian Wennberg    Maarten Wolf   
                           and the project leaders:
        Mark Abraham, Berk Hess, Erik Lindahl, and David van der Spoel

Copyright (c) 1991-2000, University of Groningen, The Netherlands.
Copyright (c) 2001-2017, The GROMACS development team at
Uppsala University, Stockholm University and
the Royal Institute of Technology, Sweden.
check out http://www.gromacs.org for more information.

GROMACS is free software; you can redistribute it and/or modify it
under the terms of the GNU Lesser General Public License
as published by the Free Software Foundation; either version 2.1
of the License, or (at your option) any later version.

GROMACS:      gmx mdrun, version 2018.2
Executable:   /usr/local/gromacs/bin/gmx
Data prefix:  /usr/local/gromacs
Working dir:  /home/matthijs/Documents/IGEM/vilnius_collab/structures/fus_mem/md
Command line:
  gmx mdrun -s md.tpr -maxh 0.1 -deffnm md

GROMACS version:    2018.2
Precision:          single
Memory model:       64 bit
MPI library:        thread_mpi
OpenMP support:     enabled (GMX_OPENMP_MAX_THREADS = 64)
GPU support:        disabled
SIMD instructions:  AVX_256
FFT library:        fftw-3.3.8-sse2-avx
RDTSCP usage:       enabled
TNG support:        enabled
Hwloc support:      hwloc-1.11.6
Tracing support:    disabled
Built on:           2018-08-15 15:15:26
Built by:           matthijs@uberhenk [CMAKE]
Build OS/arch:      Linux 4.17.14-arch1-1-ARCH x86_64
Build CPU vendor:   Intel
Build CPU brand:    Intel(R) Core(TM) i5-3337U CPU @ 1.80GHz
Build CPU family:   6   Model: 58   Stepping: 9
Build CPU features: aes apic avx clfsh cmov cx8 cx16 f16c htt intel lahf mmx msr nonstop_tsc pcid pclmuldq pdcm popcnt pse rdrnd rdtscp sse2 sse3 sse4.1 sse4.2 ssse3 tdt x2apic
C compiler:         /usr/bin/cc GNU 8.2.0
C compiler flags:    -mavx   -march=x86-64 -mtune=generic -O2 -pipe -fstack-protector-strong -fno-plt  -O3 -DNDEBUG -funroll-all-loops -fexcess-precision=fast  
C++ compiler:       /usr/bin/c++ GNU 8.2.0
C++ compiler flags:  -mavx   -march=x86-64 -mtune=generic -O2 -pipe -fstack-protector-strong -fno-plt -std=c++11   -O3 -DNDEBUG -funroll-all-loops -fexcess-precision=fast  


Running on 1 node with total 2 cores, 4 logical cores
Hardware detected:
  CPU info:
    Vendor: Intel
    Brand:  Intel(R) Core(TM) i5-3337U CPU @ 1.80GHz
    Family: 6   Model: 58   Stepping: 9
    Features: aes apic avx clfsh cmov cx8 cx16 f16c htt intel lahf mmx msr nonstop_tsc pcid pclmuldq pdcm popcnt pse rdrnd rdtscp sse2 sse3 sse4.1 sse4.2 ssse3 tdt x2apic
  Hardware topology: Full, with devices
    Sockets, cores, and logical processors:
      Socket  0: [   0   2] [   1   3]
    Numa nodes:
      Node  0 (8182870016 bytes mem):   0   1   2   3
      Latency:
               0
         0  1.00
    Caches:
      L1: 32768 bytes, linesize 64 bytes, assoc. 8, shared 2 ways
      L2: 262144 bytes, linesize 64 bytes, assoc. 8, shared 2 ways
      L3: 3145728 bytes, linesize 64 bytes, assoc. 12, shared 4 ways
    PCI devices:
      0000:00:02.0  Id: 8086:0166  Class: 0x0300  Numa: 0
      0000:02:00.0  Id: 168c:0032  Class: 0x0280  Numa: 0
      0000:03:00.0  Id: 1969:1091  Class: 0x0200  Numa: 0
      0000:00:1f.2  Id: 8086:1e03  Class: 0x0106  Numa: 0


++++ PLEASE READ AND CITE THE FOLLOWING REFERENCE ++++
M. J. Abraham, T. Murtola, R. Schulz, S. Páll, J. C. Smith, B. Hess, E.
Lindahl
GROMACS: High performance molecular simulations through multi-level
parallelism from laptops to supercomputers
SoftwareX 1 (2015) pp. 19-25
-------- -------- --- Thank You --- -------- --------


++++ PLEASE READ AND CITE THE FOLLOWING REFERENCE ++++
S. Páll, M. J. Abraham, C. Kutzner, B. Hess, E. Lindahl
Tackling Exascale Software Challenges in Molecular Dynamics Simulations with
GROMACS
In S. Markidis & E. Laure (Eds.), Solving Software Challenges for Exascale 8759 (2015) pp. 3-27
-------- -------- --- Thank You --- -------- --------


++++ PLEASE READ AND CITE THE FOLLOWING REFERENCE ++++
S. Pronk, S. Páll, R. Schulz, P. Larsson, P. Bjelkmar, R. Apostolov, M. R.
Shirts, J. C. Smith, P. M. Kasson, D. van der Spoel, B. Hess, and E. Lindahl
GROMACS 4.5: a high-throughput and highly parallel open source molecular
simulation toolkit
Bioinformatics 29 (2013) pp. 845-54
-------- -------- --- Thank You --- -------- --------


++++ PLEASE READ AND CITE THE FOLLOWING REFERENCE ++++
B. Hess and C. Kutzner and D. van der Spoel and E. Lindahl
GROMACS 4: Algorithms for highly efficient, load-balanced, and scalable
molecular simulation
J. Chem. Theory Comput. 4 (2008) pp. 435-447
-------- -------- --- Thank You --- -------- --------


++++ PLEASE READ AND CITE THE FOLLOWING REFERENCE ++++
D. van der Spoel, E. Lindahl, B. Hess, G. Groenhof, A. E. Mark and H. J. C.
Berendsen
GROMACS: Fast, Flexible and Free
J. Comp. Chem. 26 (2005) pp. 1701-1719
-------- -------- --- Thank You --- -------- --------


++++ PLEASE READ AND CITE THE FOLLOWING REFERENCE ++++
E. Lindahl and B. Hess and D. van der Spoel
GROMACS 3.0: A package for molecular simulation and trajectory analysis
J. Mol. Mod. 7 (2001) pp. 306-317
-------- -------- --- Thank You --- -------- --------


++++ PLEASE READ AND CITE THE FOLLOWING REFERENCE ++++
H. J. C. Berendsen, D. van der Spoel and R. van Drunen
GROMACS: A message-passing parallel molecular dynamics implementation
Comp. Phys. Comm. 91 (1995) pp. 43-56
-------- -------- --- Thank You --- -------- --------

Multiple energy groups is not implemented for GPUs, falling back to the CPU. For better performance, run on the GPU without energy groups and then do gmx mdrun -rerun option on the trajectory with an energy group .tpr file.
Input Parameters:
   integrator                     = md
   tinit                          = 0
   dt                             = 0.03
   nsteps                         = 340000000
   init-step                      = 0
   simulation-part                = 1
   comm-mode                      = Linear
   nstcomm                        = 100
   bd-fric                        = 0
   ld-seed                        = 80672998
   emtol                          = 10
   emstep                         = 0.01
   niter                          = 20
   fcstep                         = 0
   nstcgsteep                     = 1000
   nbfgscorr                      = 10
   rtpi                           = 0.05
   nstxout                        = 0
   nstvout                        = 0
   nstfout                        = 0
   nstlog                         = 100
   nstcalcenergy                  = 100
   nstenergy                      = 1000
   nstxout-compressed             = 1000
   compressed-x-precision         = 100
   cutoff-scheme                  = Verlet
   nstlist                        = 20
   ns-type                        = Grid
   pbc                            = xyz
   periodic-molecules             = false
   verlet-buffer-tolerance        = 0.005
   rlist                          = 1.302
   coulombtype                    = Reaction-Field
   coulomb-modifier               = Potential-shift
   rcoulomb-switch                = 0
   rcoulomb                       = 1.1
   epsilon-r                      = 15
   epsilon-rf                     = inf
   vdw-type                       = Cut-off
   vdw-modifier                   = Potential-shift
   rvdw-switch                    = 0
   rvdw                           = 1.1
   DispCorr                       = No
   table-extension                = 1
   fourierspacing                 = 0.12
   fourier-nx                     = 0
   fourier-ny                     = 0
   fourier-nz                     = 0
   pme-order                      = 4
   ewald-rtol                     = 1e-05
   ewald-rtol-lj                  = 0.001
   lj-pme-comb-rule               = Geometric
   ewald-geometry                 = 0
   epsilon-surface                = 0
   implicit-solvent               = No
   gb-algorithm                   = Still
   nstgbradii                     = 1
   rgbradii                       = 1
   gb-epsilon-solvent             = 80
   gb-saltconc                    = 0
   gb-obc-alpha                   = 1
   gb-obc-beta                    = 0.8
   gb-obc-gamma                   = 4.85
   gb-dielectric-offset           = 0.009
   sa-algorithm                   = Ace-approximation
   sa-surface-tension             = 2.05016
   tcoupl                         = V-rescale
   nsttcouple                     = 20
   nh-chain-length                = 0
   print-nose-hoover-chain-variables = false
   pcoupl                         = Parrinello-Rahman
   pcoupltype                     = Semiisotropic
   nstpcouple                     = 20
   tau-p                          = 12
   compressibility (3x3):
      compressibility[    0]={ 3.00000e-04,  0.00000e+00,  0.00000e+00}
      compressibility[    1]={ 0.00000e+00,  3.00000e-04,  0.00000e+00}
      compressibility[    2]={ 0.00000e+00,  0.00000e+00,  3.00000e-04}
   ref-p (3x3):
      ref-p[    0]={ 1.00000e+00,  0.00000e+00,  0.00000e+00}
      ref-p[    1]={ 0.00000e+00,  1.00000e+00,  0.00000e+00}
      ref-p[    2]={ 0.00000e+00,  0.00000e+00,  1.00000e+00}
   refcoord-scaling               = No
   posres-com (3):
      posres-com[0]= 0.00000e+00
      posres-com[1]= 0.00000e+00
      posres-com[2]= 0.00000e+00
   posres-comB (3):
      posres-comB[0]= 0.00000e+00
      posres-comB[1]= 0.00000e+00
      posres-comB[2]= 0.00000e+00
   QMMM                           = false
   QMconstraints                  = 0
   QMMMscheme                     = 0
   MMChargeScaleFactor            = 1
qm-opts:
   ngQM                           = 0
   constraint-algorithm           = Lincs
   continuation                   = true
   Shake-SOR                      = false
   shake-tol                      = 0.0001
   lincs-order                    = 4
   lincs-iter                     = 1
   lincs-warnangle                = 30
   nwall                          = 0
   wall-type                      = 9-3
   wall-r-linpot                  = -1
   wall-atomtype[0]               = -1
   wall-atomtype[1]               = -1
   wall-density[0]                = 0
   wall-density[1]                = 0
   wall-ewald-zfac                = 3
   pull                           = false
   awh                            = false
   rotation                       = false
   interactiveMD                  = false
   disre                          = No
   disre-weighting                = Conservative
   disre-mixed                    = false
   dr-fc                          = 1000
   dr-tau                         = 0
   nstdisreout                    = 100
   orire-fc                       = 0
   orire-tau                      = 0
   nstorireout                    = 100
   free-energy                    = no
   cos-acceleration               = 0
   deform (3x3):
      deform[    0]={ 0.00000e+00,  0.00000e+00,  0.00000e+00}
      deform[    1]={ 0.00000e+00,  0.00000e+00,  0.00000e+00}
      deform[    2]={ 0.00000e+00,  0.00000e+00,  0.00000e+00}
   simulated-tempering            = false
   swapcoords                     = no
   userint1                       = 0
   userint2                       = 0
   userint3                       = 0
   userint4                       = 0
   userreal1                      = 0
   userreal2                      = 0
   userreal3                      = 0
   userreal4                      = 0
   applied-forces:
     electric-field:
       x:
         E0                       = 0
         omega                    = 0
         t0                       = 0
         sigma                    = 0
       y:
         E0                       = 0
         omega                    = 0
         t0                       = 0
         sigma                    = 0
       z:
         E0                       = 0
         omega                    = 0
         t0                       = 0
         sigma                    = 0
grpopts:
   nrdf:     3041.87     43807.1       22103
   ref-t:         300         300         300
   tau-t:           1           1           1
annealing:          No          No          No
annealing-npoints:           0           0           0
   acc:	           0           0           0
   nfreeze:           N           N           N
   energygrp-flags[  0]: 0 0 0
   energygrp-flags[  1]: 0 0 0
   energygrp-flags[  2]: 0 0 0


Using 1 MPI thread
Using 4 OpenMP threads 

Pinning threads with an auto-selected logical core stride of 1
System total charge: 0.000
Reaction-Field:
epsRF = 0, rc = 1.1, krf = 0.375657, crf = 1.36364, epsfac = 9.26236
The electrostatics potential has its minimum at r = 1.1
Potential shift: LJ r^-12: -3.186e-01 r^-6: -5.645e-01

Using SIMD 4x8 nonbonded short-range kernels

Using a dual 4x8 pair-list setup updated with dynamic pruning:
  outer list: updated every 20 steps, buffer 0.202 nm, rlist 1.302 nm
  inner list: updated every  4 steps, buffer 0.004 nm, rlist 1.104 nm
At tolerance 0.005 kJ/mol/ps per atom, equivalent classical 1x1 list would be:
  outer list: updated every 20 steps, buffer 0.325 nm, rlist 1.425 nm
  inner list: updated every  4 steps, buffer 0.028 nm, rlist 1.128 nm

Using full Lennard-Jones parameter combination matrix


Initializing LINear Constraint Solver

++++ PLEASE READ AND CITE THE FOLLOWING REFERENCE ++++
B. Hess
P-LINCS: A Parallel Linear Constraint Solver for molecular simulation
J. Chem. Theory Comput. 4 (2008) pp. 116-122
-------- -------- --- Thank You --- -------- --------

The number of constraints is 315
217 constraints are involved in constraint triangles,
will apply an additional matrix expansion of order 4 for couplings
between constraints inside triangles

Intra-simulation communication will occur every 20 steps.
Center of mass motion removal mode is Linear
We have the following groups for center of mass motion removal:
  0:  rest

++++ PLEASE READ AND CITE THE FOLLOWING REFERENCE ++++
G. Bussi, D. Donadio and M. Parrinello
Canonical sampling through velocity rescaling
J. Chem. Phys. 126 (2007) pp. 014101
-------- -------- --- Thank You --- -------- --------

There are: 23090 Atoms

Started mdrun on rank 0 Sun Sep 16 13:55:13 2018
           Step           Time
              0        0.00000

   Energies (kJ/mol)
           Bond  Harmonic Pot.       G96Angle    Proper Dih.  Improper Dih.
    1.24332e+04    6.12525e+02    5.80182e+03    2.11263e-01    7.50726e+01
        LJ (SR)   Coulomb (SR)      Potential    Kinetic En.   Total Energy
   -5.72052e+05   -6.82144e+03   -5.59950e+05    8.52722e+04   -4.74678e+05
  Conserved En.    Temperature Pressure (bar)   Constr. rmsd
   -4.74523e+05    2.97479e+02    1.00210e+01    1.64647e-05

           Step           Time
            100        3.00000

   Energies (kJ/mol)
           Bond  Harmonic Pot.       G96Angle    Proper Dih.  Improper Dih.
    1.25674e+04    6.56138e+02    5.70172e+03    2.73180e+00    7.06964e+01
        LJ (SR)   Coulomb (SR)      Potential    Kinetic En.   Total Energy
   -5.72123e+05   -6.89676e+03   -5.60021e+05    8.51260e+04   -4.74895e+05
  Conserved En.    Temperature Pressure (bar)   Constr. rmsd
   -4.74703e+05    2.96969e+02    1.93672e+01    1.41129e-05

           Step           Time
            200        6.00000

   Energies (kJ/mol)
           Bond  Harmonic Pot.       G96Angle    Proper Dih.  Improper Dih.
    1.24709e+04    6.50862e+02    5.99835e+03    3.93391e-01    6.06571e+01
        LJ (SR)   Coulomb (SR)      Potential    Kinetic En.   Total Energy
   -5.72971e+05   -6.87783e+03   -5.60668e+05    8.66912e+04   -4.73976e+05
  Conserved En.    Temperature Pressure (bar)   Constr. rmsd
   -4.74994e+05    3.02429e+02    2.70911e+01    1.74596e-05

           Step           Time
            300        9.00000

   Energies (kJ/mol)
           Bond  Harmonic Pot.       G96Angle    Proper Dih.  Improper Dih.
    1.22000e+04    6.14344e+02    5.83394e+03    3.14474e-01    6.23129e+01
        LJ (SR)   Coulomb (SR)      Potential    Kinetic En.   Total Energy
   -5.70359e+05   -6.86813e+03   -5.58516e+05    8.57915e+04   -4.72724e+05
  Conserved En.    Temperature Pressure (bar)   Constr. rmsd
   -4.75260e+05    2.99291e+02   -8.27530e+01    1.37003e-05

           Step           Time
            400       12.00000

   Energies (kJ/mol)
           Bond  Harmonic Pot.       G96Angle    Proper Dih.  Improper Dih.
    1.27954e+04    6.06940e+02    5.77294e+03    1.99962e-01    8.97616e+01
        LJ (SR)   Coulomb (SR)      Potential    Kinetic En.   Total Energy
   -5.72066e+05   -6.83865e+03   -5.59640e+05    8.56676e+04   -4.73972e+05
  Conserved En.    Temperature Pressure (bar)   Constr. rmsd
   -4.75427e+05    2.98858e+02    2.71190e+01    2.03386e-05

           Step           Time
            500       15.00000

   Energies (kJ/mol)
           Bond  Harmonic Pot.       G96Angle    Proper Dih.  Improper Dih.
    1.28176e+04    6.36092e+02    5.92432e+03    2.92237e+00    5.35356e+01
        LJ (SR)   Coulomb (SR)      Potential    Kinetic En.   Total Energy
   -5.71496e+05   -6.82833e+03   -5.58890e+05    8.64867e+04   -4.72403e+05
  Conserved En.    Temperature Pressure (bar)   Constr. rmsd
   -4.75652e+05    3.01716e+02    7.16051e+00    1.51355e-05

           Step           Time
            600       18.00000

   Energies (kJ/mol)
           Bond  Harmonic Pot.       G96Angle    Proper Dih.  Improper Dih.
    1.25633e+04    6.32392e+02    5.90877e+03    1.11723e-01    8.21589e+01
        LJ (SR)   Coulomb (SR)      Potential    Kinetic En.   Total Energy
   -5.69362e+05   -6.77959e+03   -5.56955e+05    8.64520e+04   -4.70503e+05
  Conserved En.    Temperature Pressure (bar)   Constr. rmsd
   -4.75866e+05    3.01595e+02   -6.30449e+01    1.87185e-05

           Step           Time
            700       21.00000

   Energies (kJ/mol)
           Bond  Harmonic Pot.       G96Angle    Proper Dih.  Improper Dih.
    1.27560e+04    6.14527e+02    6.08072e+03    2.96354e-02    7.17217e+01
        LJ (SR)   Coulomb (SR)      Potential    Kinetic En.   Total Energy
   -5.72374e+05   -6.81835e+03   -5.59670e+05    8.66456e+04   -4.73024e+05
  Conserved En.    Temperature Pressure (bar)   Constr. rmsd
   -4.76078e+05    3.02270e+02    7.38810e+01    2.16745e-05

           Step           Time
            800       24.00000

   Energies (kJ/mol)
           Bond  Harmonic Pot.       G96Angle    Proper Dih.  Improper Dih.
    1.22759e+04    6.11063e+02    5.66297e+03    2.03776e-01    7.55623e+01
        LJ (SR)   Coulomb (SR)      Potential    Kinetic En.   Total Energy
   -5.71255e+05   -6.79164e+03   -5.59421e+05    8.62376e+04   -4.73183e+05
  Conserved En.    Temperature Pressure (bar)   Constr. rmsd
   -4.76358e+05    3.00847e+02    3.68105e+00    2.48254e-05

           Step           Time
            900       27.00000

   Energies (kJ/mol)
           Bond  Harmonic Pot.       G96Angle    Proper Dih.  Improper Dih.
    1.25702e+04    6.33436e+02    5.94895e+03    2.47917e+00    6.33052e+01
        LJ (SR)   Coulomb (SR)      Potential    Kinetic En.   Total Energy
   -5.72496e+05   -6.85097e+03   -5.60128e+05    8.46958e+04   -4.75433e+05
  Conserved En.    Temperature Pressure (bar)   Constr. rmsd
   -4.76568e+05    2.95468e+02   -2.43998e+01    2.00615e-05

           Step           Time
           1000       30.00000

   Energies (kJ/mol)
           Bond  Harmonic Pot.       G96Angle    Proper Dih.  Improper Dih.
    1.25792e+04    6.05851e+02    6.00943e+03    7.91550e-03    6.69284e+01
        LJ (SR)   Coulomb (SR)      Potential    Kinetic En.   Total Energy
   -5.71671e+05   -6.80853e+03   -5.59218e+05    8.44911e+04   -4.74727e+05
  Conserved En.    Temperature Pressure (bar)   Constr. rmsd
   -4.76759e+05    2.94754e+02    1.50290e+01    2.08618e-05

           Step           Time
           1100       33.00000

   Energies (kJ/mol)
           Bond  Harmonic Pot.       G96Angle    Proper Dih.  Improper Dih.
    1.25432e+04    6.21224e+02    6.11940e+03    9.03606e-03    6.43459e+01
        LJ (SR)   Coulomb (SR)      Potential    Kinetic En.   Total Energy
   -5.72289e+05   -6.85587e+03   -5.59796e+05    8.56580e+04   -4.74138e+05
  Conserved En.    Temperature Pressure (bar)   Constr. rmsd
   -4.77024e+05    2.98825e+02    2.72422e+01    1.66023e-05

           Step           Time
           1200       36.00000

   Energies (kJ/mol)
           Bond  Harmonic Pot.       G96Angle    Proper Dih.  Improper Dih.
    1.22052e+04    6.29035e+02    5.83947e+03    6.24967e-01    6.24132e+01
        LJ (SR)   Coulomb (SR)      Potential    Kinetic En.   Total Energy
   -5.71437e+05   -6.82084e+03   -5.59521e+05    8.51318e+04   -4.74389e+05
  Conserved En.    Temperature Pressure (bar)   Constr. rmsd
   -4.77246e+05    2.96989e+02    7.06898e+00    1.56477e-05

           Step           Time
           1300       39.00000

   Energies (kJ/mol)
           Bond  Harmonic Pot.       G96Angle    Proper Dih.  Improper Dih.
    1.21795e+04    6.25647e+02    5.92762e+03    5.04653e+00    8.17924e+01
        LJ (SR)   Coulomb (SR)      Potential    Kinetic En.   Total Energy
   -5.72474e+05   -6.71066e+03   -5.60365e+05    8.53094e+04   -4.75055e+05
  Conserved En.    Temperature Pressure (bar)   Constr. rmsd
   -4.77496e+05    2.97609e+02    3.51706e+01    1.19250e-05

           Step           Time
           1400       42.00000

   Energies (kJ/mol)
           Bond  Harmonic Pot.       G96Angle    Proper Dih.  Improper Dih.
    1.26524e+04    6.62030e+02    5.93258e+03    4.43459e-03    7.50060e+01
        LJ (SR)   Coulomb (SR)      Potential    Kinetic En.   Total Energy
   -5.73018e+05   -6.63156e+03   -5.60327e+05    8.52594e+04   -4.75068e+05
  Conserved En.    Temperature Pressure (bar)   Constr. rmsd
   -4.77731e+05    2.97434e+02    1.10928e+01    1.69598e-05

           Step           Time
           1500       45.00000

   Energies (kJ/mol)
           Bond  Harmonic Pot.       G96Angle    Proper Dih.  Improper Dih.
    1.26695e+04    6.48234e+02    5.78359e+03    3.58205e+00    8.39152e+01
        LJ (SR)   Coulomb (SR)      Potential    Kinetic En.   Total Energy
   -5.71478e+05   -6.72794e+03   -5.59017e+05    8.62110e+04   -4.72806e+05
  Conserved En.    Temperature Pressure (bar)   Constr. rmsd
   -4.77969e+05    3.00754e+02   -9.26364e+00    1.80194e-05

           Step           Time
           1600       48.00000

   Energies (kJ/mol)
           Bond  Harmonic Pot.       G96Angle    Proper Dih.  Improper Dih.
    1.26760e+04    6.27424e+02    5.75131e+03    1.24249e+00    5.15195e+01
        LJ (SR)   Coulomb (SR)      Potential    Kinetic En.   Total Energy
   -5.71231e+05   -6.67849e+03   -5.58802e+05    8.51745e+04   -4.73627e+05
  Conserved En.    Temperature Pressure (bar)   Constr. rmsd
   -4.78185e+05    2.97138e+02   -8.73087e+00    1.45547e-05

           Step           Time
           1700       51.00000

   Energies (kJ/mol)
           Bond  Harmonic Pot.       G96Angle    Proper Dih.  Improper Dih.
    1.23489e+04    6.08281e+02    5.91408e+03    7.39193e-01    7.83131e+01
        LJ (SR)   Coulomb (SR)      Potential    Kinetic En.   Total Energy
   -5.69472e+05   -6.72280e+03   -5.57245e+05    8.56823e+04   -4.71563e+05
  Conserved En.    Temperature Pressure (bar)   Constr. rmsd
   -4.78400e+05    2.98910e+02   -3.87094e+00    1.36279e-05

           Step           Time
           1800       54.00000

   Energies (kJ/mol)
           Bond  Harmonic Pot.       G96Angle    Proper Dih.  Improper Dih.
    1.23311e+04    6.34994e+02    5.82500e+03    1.16944e-01    6.49138e+01
        LJ (SR)   Coulomb (SR)      Potential    Kinetic En.   Total Energy
   -5.70749e+05   -6.73167e+03   -5.58624e+05    8.62085e+04   -4.72416e+05
  Conserved En.    Temperature Pressure (bar)   Constr. rmsd
   -4.78640e+05    3.00745e+02    4.30639e+01    1.88584e-05

           Step           Time
           1900       57.00000

   Energies (kJ/mol)
           Bond  Harmonic Pot.       G96Angle    Proper Dih.  Improper Dih.
    1.25550e+04    6.58497e+02    6.12374e+03    1.70650e+00    8.56448e+01
        LJ (SR)   Coulomb (SR)      Potential    Kinetic En.   Total Energy
   -5.71654e+05   -6.70538e+03   -5.58935e+05    8.53174e+04   -4.73617e+05
  Conserved En.    Temperature Pressure (bar)   Constr. rmsd
   -4.78919e+05    2.97637e+02   -2.41255e+01    1.24209e-05

           Step           Time
           2000       60.00000

   Energies (kJ/mol)
           Bond  Harmonic Pot.       G96Angle    Proper Dih.  Improper Dih.
    1.22968e+04    6.50126e+02    5.89321e+03    3.43013e-01    6.43747e+01
        LJ (SR)   Coulomb (SR)      Potential    Kinetic En.   Total Energy
   -5.71095e+05   -6.75912e+03   -5.58950e+05    8.58742e+04   -4.73075e+05
  Conserved En.    Temperature Pressure (bar)   Constr. rmsd
   -4.79161e+05    2.99579e+02   -2.48632e+00    1.40782e-05

           Step           Time
           2100       63.00000

   Energies (kJ/mol)
           Bond  Harmonic Pot.       G96Angle    Proper Dih.  Improper Dih.
    1.26127e+04    6.75308e+02    5.75160e+03    8.61764e-01    7.30080e+01
        LJ (SR)   Coulomb (SR)      Potential    Kinetic En.   Total Energy
   -5.70549e+05   -6.68749e+03   -5.58123e+05    8.64707e+04   -4.71652e+05
  Conserved En.    Temperature Pressure (bar)   Constr. rmsd
   -4.79354e+05    3.01660e+02    3.24199e+01    2.27159e-05

           Step           Time
           2200       66.00000

   Energies (kJ/mol)
           Bond  Harmonic Pot.       G96Angle    Proper Dih.  Improper Dih.
    1.25591e+04    6.46010e+02    5.80851e+03    3.21031e-01    8.53836e+01
        LJ (SR)   Coulomb (SR)      Potential    Kinetic En.   Total Energy
   -5.71145e+05   -6.70267e+03   -5.58748e+05    8.61846e+04   -4.72564e+05
  Conserved En.    Temperature Pressure (bar)   Constr. rmsd
   -4.79601e+05    3.00662e+02   -6.37850e+00    1.65599e-05

           Step           Time
           2300       69.00000

   Energies (kJ/mol)
           Bond  Harmonic Pot.       G96Angle    Proper Dih.  Improper Dih.
    1.28940e+04    6.33621e+02    5.84530e+03    3.78921e+00    6.12354e+01
        LJ (SR)   Coulomb (SR)      Potential    Kinetic En.   Total Energy
   -5.71557e+05   -6.70366e+03   -5.58823e+05    8.64465e+04   -4.72377e+05
  Conserved En.    Temperature Pressure (bar)   Constr. rmsd
   -4.79866e+05    3.01576e+02    3.37037e+01    1.42693e-05

           Step           Time
           2400       72.00000

   Energies (kJ/mol)
           Bond  Harmonic Pot.       G96Angle    Proper Dih.  Improper Dih.
    1.23645e+04    6.04028e+02    5.96950e+03    2.36626e+00    7.64369e+01
        LJ (SR)   Coulomb (SR)      Potential    Kinetic En.   Total Energy
   -5.69790e+05   -6.55732e+03   -5.57330e+05    8.58042e+04   -4.71526e+05
  Conserved En.    Temperature Pressure (bar)   Constr. rmsd
   -4.80064e+05    2.99335e+02   -8.01377e+00    1.60193e-05

           Step           Time
           2500       75.00000

   Energies (kJ/mol)
           Bond  Harmonic Pot.       G96Angle    Proper Dih.  Improper Dih.
    1.23934e+04    6.16180e+02    5.85742e+03    1.26219e-01    6.47114e+01
        LJ (SR)   Coulomb (SR)      Potential    Kinetic En.   Total Energy
   -5.72255e+05   -6.57602e+03   -5.59899e+05    8.64307e+04   -4.73469e+05
  Conserved En.    Temperature Pressure (bar)   Constr. rmsd
   -4.80270e+05    3.01520e+02    1.01214e+01    8.70964e-06

           Step           Time
           2600       78.00000

   Energies (kJ/mol)
           Bond  Harmonic Pot.       G96Angle    Proper Dih.  Improper Dih.
    1.23080e+04    5.98684e+02    5.78669e+03    4.50695e+00    6.89429e+01
        LJ (SR)   Coulomb (SR)      Potential    Kinetic En.   Total Energy
   -5.71630e+05   -6.69412e+03   -5.59557e+05    8.50077e+04   -4.74550e+05
  Conserved En.    Temperature Pressure (bar)   Constr. rmsd
   -4.80522e+05    2.96556e+02   -1.66610e+01    1.46398e-05

           Step           Time
           2700       81.00000

   Energies (kJ/mol)
           Bond  Harmonic Pot.       G96Angle    Proper Dih.  Improper Dih.
    1.24490e+04    6.39757e+02    5.80131e+03    4.72713e-01    7.27255e+01
        LJ (SR)   Coulomb (SR)      Potential    Kinetic En.   Total Energy
   -5.70802e+05   -6.63865e+03   -5.58477e+05    8.67815e+04   -4.71696e+05
  Conserved En.    Temperature Pressure (bar)   Constr. rmsd
   -4.80699e+05    3.02744e+02    6.15979e+01    1.19535e-05

           Step           Time
           2800       84.00000

   Energies (kJ/mol)
           Bond  Harmonic Pot.       G96Angle    Proper Dih.  Improper Dih.
    1.24788e+04    5.78502e+02    6.13540e+03    1.90735e-04    8.22144e+01
        LJ (SR)   Coulomb (SR)      Potential    Kinetic En.   Total Energy
   -5.70527e+05   -6.65289e+03   -5.57905e+05    8.61317e+04   -4.71773e+05
  Conserved En.    Temperature Pressure (bar)   Constr. rmsd
   -4.80971e+05    3.00478e+02    1.35703e+01    1.43603e-05

           Step           Time
           2900       87.00000

   Energies (kJ/mol)
           Bond  Harmonic Pot.       G96Angle    Proper Dih.  Improper Dih.
    1.25888e+04    6.29025e+02    5.84058e+03    6.00965e+00    7.33242e+01
        LJ (SR)   Coulomb (SR)      Potential    Kinetic En.   Total Energy
   -5.70150e+05   -6.60174e+03   -5.57614e+05    8.65990e+04   -4.71015e+05
  Conserved En.    Temperature Pressure (bar)   Constr. rmsd
   -4.81224e+05    3.02108e+02   -9.87802e+00    1.64237e-05

           Step           Time
           3000       90.00000

   Energies (kJ/mol)
           Bond  Harmonic Pot.       G96Angle    Proper Dih.  Improper Dih.
    1.21800e+04    6.13957e+02    5.88019e+03    2.09594e-01    8.30122e+01
        LJ (SR)   Coulomb (SR)      Potential    Kinetic En.   Total Energy
   -5.70374e+05   -6.75062e+03   -5.58367e+05    8.69368e+04   -4.71430e+05
  Conserved En.    Temperature Pressure (bar)   Constr. rmsd
   -4.81458e+05    3.03286e+02    3.22370e+01    1.68857e-05

           Step           Time
           3100       93.00000

   Energies (kJ/mol)
           Bond  Harmonic Pot.       G96Angle    Proper Dih.  Improper Dih.
    1.26939e+04    6.30707e+02    5.81291e+03    2.19340e+00    8.10002e+01
        LJ (SR)   Coulomb (SR)      Potential    Kinetic En.   Total Energy
   -5.71516e+05   -6.72294e+03   -5.59018e+05    8.68199e+04   -4.72198e+05
  Conserved En.    Temperature Pressure (bar)   Constr. rmsd
   -4.81751e+05    3.02878e+02   -2.55739e+01    1.75401e-05

           Step           Time
           3200       96.00000

   Energies (kJ/mol)
           Bond  Harmonic Pot.       G96Angle    Proper Dih.  Improper Dih.
    1.24580e+04    6.61928e+02    5.71847e+03    5.12362e-02    6.36558e+01
        LJ (SR)   Coulomb (SR)      Potential    Kinetic En.   Total Energy
   -5.70414e+05   -6.74606e+03   -5.58258e+05    8.55501e+04   -4.72708e+05
  Conserved En.    Temperature Pressure (bar)   Constr. rmsd
   -4.81885e+05    2.98449e+02   -3.53669e+01    1.86515e-05

           Step           Time
           3300       99.00000

   Energies (kJ/mol)
           Bond  Harmonic Pot.       G96Angle    Proper Dih.  Improper Dih.
    1.25801e+04    5.67197e+02    5.79843e+03    1.61450e+00    7.49436e+01
        LJ (SR)   Coulomb (SR)      Potential    Kinetic En.   Total Energy
   -5.72014e+05   -6.84799e+03   -5.59840e+05    8.63706e+04   -4.73469e+05
  Conserved En.    Temperature Pressure (bar)   Constr. rmsd
   -4.82113e+05    3.01311e+02    1.93272e+01    1.59720e-05

           Step           Time
           3400      102.00000

   Energies (kJ/mol)
           Bond  Harmonic Pot.       G96Angle    Proper Dih.  Improper Dih.
    1.25458e+04    6.59434e+02    5.94426e+03    4.21474e+00    6.14226e+01
        LJ (SR)   Coulomb (SR)      Potential    Kinetic En.   Total Energy
   -5.71727e+05   -6.78537e+03   -5.59298e+05    8.56563e+04   -4.73641e+05
  Conserved En.    Temperature Pressure (bar)   Constr. rmsd
   -4.82385e+05    2.98819e+02   -4.22393e+01    1.62130e-05

           Step           Time
           3500      105.00000

   Energies (kJ/mol)
           Bond  Harmonic Pot.       G96Angle    Proper Dih.  Improper Dih.
    1.21333e+04    6.52544e+02    5.79281e+03    5.76925e-01    8.08805e+01
        LJ (SR)   Coulomb (SR)      Potential    Kinetic En.   Total Energy
   -5.71048e+05   -6.81777e+03   -5.59205e+05    8.48796e+04   -4.74326e+05
  Conserved En.    Temperature Pressure (bar)   Constr. rmsd
   -4.82564e+05    2.96110e+02   -4.60883e+01    1.55725e-05

           Step           Time
           3600      108.00000

   Energies (kJ/mol)
           Bond  Harmonic Pot.       G96Angle    Proper Dih.  Improper Dih.
    1.24772e+04    5.85840e+02    6.07368e+03    4.60196e-01    8.37649e+01
        LJ (SR)   Coulomb (SR)      Potential    Kinetic En.   Total Energy
   -5.71739e+05   -6.89624e+03   -5.59414e+05    8.65151e+04   -4.72899e+05
  Conserved En.    Temperature Pressure (bar)   Constr. rmsd
   -4.82795e+05    3.01815e+02    3.34067e+01    1.55272e-05

           Step           Time
           3700      111.00000

   Energies (kJ/mol)
           Bond  Harmonic Pot.       G96Angle    Proper Dih.  Improper Dih.
    1.19152e+04    6.32567e+02    5.71562e+03    4.95958e-01    6.92740e+01
        LJ (SR)   Coulomb (SR)      Potential    Kinetic En.   Total Energy
   -5.69080e+05   -6.74008e+03   -5.57487e+05    8.53867e+04   -4.72101e+05
  Conserved En.    Temperature Pressure (bar)   Constr. rmsd
   -4.83068e+05    2.97879e+02   -4.33314e+01    1.58278e-05

           Step           Time
           3800      114.00000

   Energies (kJ/mol)
           Bond  Harmonic Pot.       G96Angle    Proper Dih.  Improper Dih.
    1.22366e+04    6.54078e+02    5.75579e+03    4.87430e+00    6.56714e+01
        LJ (SR)   Coulomb (SR)      Potential    Kinetic En.   Total Energy
   -5.70592e+05   -6.77050e+03   -5.58645e+05    8.59234e+04   -4.72722e+05
  Conserved En.    Temperature Pressure (bar)   Constr. rmsd
   -4.83273e+05    2.99751e+02   -3.46387e+01    1.18529e-05

           Step           Time
           3900      117.00000

   Energies (kJ/mol)
           Bond  Harmonic Pot.       G96Angle    Proper Dih.  Improper Dih.
    1.27784e+04    5.88096e+02    5.99895e+03    7.23124e-02    6.34133e+01
        LJ (SR)   Coulomb (SR)      Potential    Kinetic En.   Total Energy
   -5.71558e+05   -6.74198e+03   -5.58871e+05    8.63228e+04   -4.72548e+05
  Conserved En.    Temperature Pressure (bar)   Constr. rmsd
   -4.83485e+05    3.01144e+02    1.41639e+01    1.74915e-05

           Step           Time
           4000      120.00000

   Energies (kJ/mol)
           Bond  Harmonic Pot.       G96Angle    Proper Dih.  Improper Dih.
    1.22299e+04    6.35657e+02    5.81970e+03    1.27697e-01    5.66510e+01
        LJ (SR)   Coulomb (SR)      Potential    Kinetic En.   Total Energy
   -5.70550e+05   -6.77089e+03   -5.58579e+05    8.53802e+04   -4.73199e+05
  Conserved En.    Temperature Pressure (bar)   Constr. rmsd
   -4.83731e+05    2.97856e+02   -6.32739e+01    2.07016e-05

           Step           Time
           4100      123.00000

   Energies (kJ/mol)
           Bond  Harmonic Pot.       G96Angle    Proper Dih.  Improper Dih.
    1.27096e+04    5.81490e+02    5.77270e+03    4.38466e+00    5.10810e+01
        LJ (SR)   Coulomb (SR)      Potential    Kinetic En.   Total Energy
   -5.72051e+05   -6.79725e+03   -5.59729e+05    8.54918e+04   -4.74238e+05
  Conserved En.    Temperature Pressure (bar)   Constr. rmsd
   -4.83921e+05    2.98245e+02    1.94526e+01    1.63656e-05

           Step           Time
           4200      126.00000

   Energies (kJ/mol)
           Bond  Harmonic Pot.       G96Angle    Proper Dih.  Improper Dih.
    1.23178e+04    6.69030e+02    6.18696e+03    1.86539e-01    6.21882e+01
        LJ (SR)   Coulomb (SR)      Potential    Kinetic En.   Total Energy
   -5.70370e+05   -6.74387e+03   -5.57877e+05    8.72060e+04   -4.70671e+05
  Conserved En.    Temperature Pressure (bar)   Constr. rmsd
   -4.84173e+05    3.04225e+02    9.88528e+00    1.26618e-05

           Step           Time
           4300      129.00000

   Energies (kJ/mol)
           Bond  Harmonic Pot.       G96Angle    Proper Dih.  Improper Dih.
    1.19813e+04    5.64876e+02    5.74447e+03    5.66244e-01    7.75311e+01
        LJ (SR)   Coulomb (SR)      Potential    Kinetic En.   Total Energy
   -5.70120e+05   -6.81629e+03   -5.58567e+05    8.60189e+04   -4.72548e+05
  Conserved En.    Temperature Pressure (bar)   Constr. rmsd
   -4.84443e+05    3.00084e+02   -2.04137e+01    2.21844e-05

           Step           Time
           4400      132.00000

   Energies (kJ/mol)
           Bond  Harmonic Pot.       G96Angle    Proper Dih.  Improper Dih.
    1.23308e+04    6.24774e+02    5.75860e+03    3.75690e+00    9.23830e+01
        LJ (SR)   Coulomb (SR)      Potential    Kinetic En.   Total Energy
   -5.71616e+05   -6.80503e+03   -5.59610e+05    8.57276e+04   -4.73883e+05
  Conserved En.    Temperature Pressure (bar)   Constr. rmsd
   -4.84605e+05    2.99068e+02    1.97863e+00    1.67952e-05

           Step           Time
           4500      135.00000

   Energies (kJ/mol)
           Bond  Harmonic Pot.       G96Angle    Proper Dih.  Improper Dih.
    1.27700e+04    6.24692e+02    5.83379e+03    1.79386e-01    7.39172e+01
        LJ (SR)   Coulomb (SR)      Potential    Kinetic En.   Total Energy
   -5.72713e+05   -6.81295e+03   -5.60224e+05    8.59371e+04   -4.74287e+05
  Conserved En.    Temperature Pressure (bar)   Constr. rmsd
   -4.84785e+05    2.99799e+02    2.53374e+01    1.47692e-05

           Step           Time
           4600      138.00000

   Energies (kJ/mol)
           Bond  Harmonic Pot.       G96Angle    Proper Dih.  Improper Dih.
    1.21189e+04    6.52849e+02    5.73755e+03    5.21421e-02    5.87312e+01
        LJ (SR)   Coulomb (SR)      Potential    Kinetic En.   Total Energy
   -5.71904e+05   -6.81535e+03   -5.60152e+05    8.46861e+04   -4.75466e+05
  Conserved En.    Temperature Pressure (bar)   Constr. rmsd
   -4.85019e+05    2.95434e+02   -5.34792e+01    1.66353e-05

           Step           Time
           4700      141.00000

   Energies (kJ/mol)
           Bond  Harmonic Pot.       G96Angle    Proper Dih.  Improper Dih.
    1.22582e+04    6.37842e+02    5.79720e+03    6.15358e-02    7.06039e+01
        LJ (SR)   Coulomb (SR)      Potential    Kinetic En.   Total Energy
   -5.71610e+05   -6.76643e+03   -5.59612e+05    8.59489e+04   -4.73664e+05
  Conserved En.    Temperature Pressure (bar)   Constr. rmsd
   -4.85249e+05    2.99840e+02   -1.30180e+01    1.61156e-05

           Step           Time
           4800      144.00000

   Energies (kJ/mol)
           Bond  Harmonic Pot.       G96Angle    Proper Dih.  Improper Dih.
    1.24641e+04    6.93092e+02    5.84952e+03    2.19007e+00    8.13501e+01
        LJ (SR)   Coulomb (SR)      Potential    Kinetic En.   Total Energy
   -5.70413e+05   -6.86824e+03   -5.58191e+05    8.56594e+04   -4.72532e+05
  Conserved En.    Temperature Pressure (bar)   Constr. rmsd
   -4.85468e+05    2.98830e+02   -4.51297e+01    2.33461e-05

           Step           Time
           4900      147.00000

   Energies (kJ/mol)
           Bond  Harmonic Pot.       G96Angle    Proper Dih.  Improper Dih.
    1.24975e+04    6.03327e+02    5.73835e+03    1.58191e+00    7.31973e+01
        LJ (SR)   Coulomb (SR)      Potential    Kinetic En.   Total Energy
   -5.71396e+05   -6.79872e+03   -5.59281e+05    8.49240e+04   -4.74357e+05
  Conserved En.    Temperature Pressure (bar)   Constr. rmsd
   -4.85716e+05    2.96264e+02    3.66394e+00    1.16739e-05

           Step           Time
           5000      150.00000

   Energies (kJ/mol)
           Bond  Harmonic Pot.       G96Angle    Proper Dih.  Improper Dih.
    1.23133e+04    6.15241e+02    5.85481e+03    7.36952e-02    6.93873e+01
        LJ (SR)   Coulomb (SR)      Potential    Kinetic En.   Total Energy
   -5.70250e+05   -6.73189e+03   -5.58129e+05    8.58876e+04   -4.72241e+05
  Conserved En.    Temperature Pressure (bar)   Constr. rmsd
   -4.85941e+05    2.99626e+02    1.03597e+00    2.24447e-05

           Step           Time
           5100      153.00000

   Energies (kJ/mol)
           Bond  Harmonic Pot.       G96Angle    Proper Dih.  Improper Dih.
    1.25737e+04    6.46169e+02    5.79385e+03    3.64828e-01    4.16186e+01
        LJ (SR)   Coulomb (SR)      Potential    Kinetic En.   Total Energy
   -5.70113e+05   -6.92469e+03   -5.57982e+05    8.55328e+04   -4.72450e+05
  Conserved En.    Temperature Pressure (bar)   Constr. rmsd
   -4.86176e+05    2.98388e+02   -4.09235e+00    1.75369e-05

           Step           Time
           5200      156.00000

   Energies (kJ/mol)
           Bond  Harmonic Pot.       G96Angle    Proper Dih.  Improper Dih.
    1.23586e+04    6.27262e+02    5.87913e+03    4.07934e-02    7.98999e+01
        LJ (SR)   Coulomb (SR)      Potential    Kinetic En.   Total Energy
   -5.71114e+05   -6.81260e+03   -5.58981e+05    8.55461e+04   -4.73435e+05
  Conserved En.    Temperature Pressure (bar)   Constr. rmsd
   -4.86354e+05    2.98435e+02    3.03810e+01    1.86213e-05

           Step           Time
           5300      159.00000

   Energies (kJ/mol)
           Bond  Harmonic Pot.       G96Angle    Proper Dih.  Improper Dih.
    1.26342e+04    6.55800e+02    5.85016e+03    4.62055e-02    7.42718e+01
        LJ (SR)   Coulomb (SR)      Potential    Kinetic En.   Total Energy
   -5.71982e+05   -6.73648e+03   -5.59504e+05    8.62675e+04   -4.73237e+05
  Conserved En.    Temperature Pressure (bar)   Constr. rmsd
   -4.86635e+05    3.00951e+02    1.25124e+01    1.38299e-05

           Step           Time
           5400      162.00000

   Energies (kJ/mol)
           Bond  Harmonic Pot.       G96Angle    Proper Dih.  Improper Dih.
    1.23936e+04    6.47726e+02    5.60726e+03    7.99942e-01    5.33850e+01
        LJ (SR)   Coulomb (SR)      Potential    Kinetic En.   Total Energy
   -5.71193e+05   -6.87810e+03   -5.59369e+05    8.55241e+04   -4.73844e+05
  Conserved En.    Temperature Pressure (bar)   Constr. rmsd
   -4.86894e+05    2.98358e+02   -1.72156e+01    1.40751e-05

           Step           Time
           5500      165.00000

   Energies (kJ/mol)
           Bond  Harmonic Pot.       G96Angle    Proper Dih.  Improper Dih.
    1.25052e+04    5.58651e+02    5.83460e+03    5.31673e-02    7.45357e+01
        LJ (SR)   Coulomb (SR)      Potential    Kinetic En.   Total Energy
   -5.71079e+05   -6.85555e+03   -5.58961e+05    8.60800e+04   -4.72881e+05
  Conserved En.    Temperature Pressure (bar)   Constr. rmsd
   -4.87125e+05    3.00297e+02   -1.08378e+01    1.11841e-05

           Step           Time
           5600      168.00000

   Energies (kJ/mol)
           Bond  Harmonic Pot.       G96Angle    Proper Dih.  Improper Dih.
    1.24847e+04    6.28452e+02    5.87789e+03    1.92881e-02    6.68442e+01
        LJ (SR)   Coulomb (SR)      Potential    Kinetic En.   Total Energy
   -5.71857e+05   -6.94498e+03   -5.59744e+05    8.57940e+04   -4.73950e+05
  Conserved En.    Temperature Pressure (bar)   Constr. rmsd
   -4.87325e+05    2.99299e+02    2.82048e+01    9.79293e-06

           Step           Time
           5700      171.00000

   Energies (kJ/mol)
           Bond  Harmonic Pot.       G96Angle    Proper Dih.  Improper Dih.
    1.23874e+04    6.08686e+02    5.93789e+03    2.69272e+00    4.99822e+01
        LJ (SR)   Coulomb (SR)      Potential    Kinetic En.   Total Energy
   -5.71434e+05   -6.84532e+03   -5.59293e+05    8.50375e+04   -4.74256e+05
  Conserved En.    Temperature Pressure (bar)   Constr. rmsd
   -4.87498e+05    2.96660e+02    9.01705e+00    1.54173e-05

           Step           Time
           5800      174.00000

   Energies (kJ/mol)
           Bond  Harmonic Pot.       G96Angle    Proper Dih.  Improper Dih.
    1.21546e+04    6.49362e+02    5.92197e+03    1.19209e-04    6.21413e+01
        LJ (SR)   Coulomb (SR)      Potential    Kinetic En.   Total Energy
   -5.72261e+05   -6.88404e+03   -5.60357e+05    8.58265e+04   -4.74530e+05
  Conserved En.    Temperature Pressure (bar)   Constr. rmsd
   -4.87772e+05    2.99413e+02   -7.12467e+01    1.16088e-05

           Step           Time
           5900      177.00000

   Energies (kJ/mol)
           Bond  Harmonic Pot.       G96Angle    Proper Dih.  Improper Dih.
    1.27830e+04    6.35714e+02    6.01286e+03    5.29289e-03    6.81754e+01
        LJ (SR)   Coulomb (SR)      Potential    Kinetic En.   Total Energy
   -5.71592e+05   -6.93235e+03   -5.59025e+05    8.56823e+04   -4.73342e+05
  Conserved En.    Temperature Pressure (bar)   Constr. rmsd
   -4.87952e+05    2.98910e+02    4.63312e+01    2.00838e-05

           Step           Time
           6000      180.00000

   Energies (kJ/mol)
           Bond  Harmonic Pot.       G96Angle    Proper Dih.  Improper Dih.
    1.23309e+04    6.63220e+02    5.82746e+03    1.71661e-03    6.56009e+01
        LJ (SR)   Coulomb (SR)      Potential    Kinetic En.   Total Energy
   -5.71472e+05   -6.84866e+03   -5.59434e+05    8.63791e+04   -4.73055e+05
  Conserved En.    Temperature Pressure (bar)   Constr. rmsd
   -4.88230e+05    3.01341e+02   -5.17294e+00    2.29665e-05

           Step           Time
           6100      183.00000

   Energies (kJ/mol)
           Bond  Harmonic Pot.       G96Angle    Proper Dih.  Improper Dih.
    1.25529e+04    6.85867e+02    5.72757e+03    4.10533e-01    6.72595e+01
        LJ (SR)   Coulomb (SR)      Potential    Kinetic En.   Total Energy
   -5.70815e+05   -6.86348e+03   -5.58645e+05    8.51433e+04   -4.73501e+05
  Conserved En.    Temperature Pressure (bar)   Constr. rmsd
   -4.88450e+05    2.97029e+02   -9.84524e+00    1.52588e-05

           Step           Time
           6200      186.00000

   Energies (kJ/mol)
           Bond  Harmonic Pot.       G96Angle    Proper Dih.  Improper Dih.
    1.25333e+04    6.35630e+02    5.98502e+03    2.24409e+00    6.30872e+01
        LJ (SR)   Coulomb (SR)      Potential    Kinetic En.   Total Energy
   -5.71623e+05   -6.90048e+03   -5.59304e+05    8.57315e+04   -4.73573e+05
  Conserved En.    Temperature Pressure (bar)   Constr. rmsd
   -4.88656e+05    2.99081e+02    4.24712e+01    2.49235e-05

           Step           Time
           6300      189.00000

   Energies (kJ/mol)
           Bond  Harmonic Pot.       G96Angle    Proper Dih.  Improper Dih.
    1.22457e+04    6.29510e+02    5.84950e+03    5.23710e-01    7.80748e+01
        LJ (SR)   Coulomb (SR)      Potential    Kinetic En.   Total Energy
   -5.69066e+05   -6.90548e+03   -5.57168e+05    8.59066e+04   -4.71261e+05
  Conserved En.    Temperature Pressure (bar)   Constr. rmsd
   -4.88906e+05    2.99692e+02   -3.86500e+01    1.48852e-05

           Step           Time
           6400      192.00000

   Energies (kJ/mol)
           Bond  Harmonic Pot.       G96Angle    Proper Dih.  Improper Dih.
    1.27348e+04    6.19384e+02    6.05912e+03    3.59201e-01    6.01170e+01
        LJ (SR)   Coulomb (SR)      Potential    Kinetic En.   Total Energy
   -5.70866e+05   -6.91375e+03   -5.58306e+05    8.59807e+04   -4.72326e+05
  Conserved En.    Temperature Pressure (bar)   Constr. rmsd
   -4.89104e+05    2.99951e+02    2.67716e+01    1.61501e-05

           Step           Time
           6500      195.00000

   Energies (kJ/mol)
           Bond  Harmonic Pot.       G96Angle    Proper Dih.  Improper Dih.
    1.25655e+04    5.91007e+02    5.80672e+03    8.09884e-01    5.94164e+01
        LJ (SR)   Coulomb (SR)      Potential    Kinetic En.   Total Energy
   -5.70142e+05   -6.85394e+03   -5.57973e+05    8.58140e+04   -4.72159e+05
  Conserved En.    Temperature Pressure (bar)   Constr. rmsd
   -4.89348e+05    2.99369e+02   -6.53624e+00    2.20023e-05

           Step           Time
           6600      198.00000

   Energies (kJ/mol)
           Bond  Harmonic Pot.       G96Angle    Proper Dih.  Improper Dih.
    1.23456e+04    6.56300e+02    5.75504e+03    3.21167e+00    6.40777e+01
        LJ (SR)   Coulomb (SR)      Potential    Kinetic En.   Total Energy
   -5.70610e+05   -6.91392e+03   -5.58700e+05    8.46556e+04   -4.74044e+05
  Conserved En.    Temperature Pressure (bar)   Constr. rmsd
   -4.89552e+05    2.95328e+02   -7.65129e+01    1.16603e-05

           Step           Time
           6700      201.00000

   Energies (kJ/mol)
           Bond  Harmonic Pot.       G96Angle    Proper Dih.  Improper Dih.
    1.27031e+04    6.90417e+02    5.84851e+03    2.00701e-01    6.70825e+01
        LJ (SR)   Coulomb (SR)      Potential    Kinetic En.   Total Energy
   -5.72603e+05   -6.90530e+03   -5.60199e+05    8.53866e+04   -4.74812e+05
  Conserved En.    Temperature Pressure (bar)   Constr. rmsd
   -4.89752e+05    2.97878e+02    4.78279e+01    1.65056e-05

           Step           Time
           6800      204.00000

   Energies (kJ/mol)
           Bond  Harmonic Pot.       G96Angle    Proper Dih.  Improper Dih.
    1.24732e+04    6.39766e+02    5.81906e+03    7.41529e-01    7.57303e+01
        LJ (SR)   Coulomb (SR)      Potential    Kinetic En.   Total Energy
   -5.71267e+05   -6.94114e+03   -5.59200e+05    8.58328e+04   -4.73367e+05
  Conserved En.    Temperature Pressure (bar)   Constr. rmsd
   -4.90010e+05    2.99435e+02   -1.10438e+01    1.80520e-05

           Step           Time
           6900      207.00000

   Energies (kJ/mol)
           Bond  Harmonic Pot.       G96Angle    Proper Dih.  Improper Dih.
    1.22566e+04    6.02991e+02    5.94232e+03    4.74572e+00    5.88880e+01
        LJ (SR)   Coulomb (SR)      Potential    Kinetic En.   Total Energy
   -5.71027e+05   -6.88186e+03   -5.59044e+05    8.65492e+04   -4.72494e+05
  Conserved En.    Temperature Pressure (bar)   Constr. rmsd
   -4.90260e+05    3.01934e+02   -5.07055e+01    1.41865e-05

           Step           Time
           7000      210.00000

   Energies (kJ/mol)
           Bond  Harmonic Pot.       G96Angle    Proper Dih.  Improper Dih.
    1.24882e+04    6.32534e+02    5.86265e+03    2.03037e-01    6.75865e+01
        LJ (SR)   Coulomb (SR)      Potential    Kinetic En.   Total Energy
   -5.70649e+05   -6.97548e+03   -5.58574e+05    8.67607e+04   -4.71813e+05
  Conserved En.    Temperature Pressure (bar)   Constr. rmsd
   -4.90441e+05    3.02672e+02    3.07954e+01    1.99366e-05

           Step           Time
           7100      213.00000

   Energies (kJ/mol)
           Bond  Harmonic Pot.       G96Angle    Proper Dih.  Improper Dih.
    1.21028e+04    6.20348e+02    5.80921e+03    4.79221e-03    6.82915e+01
        LJ (SR)   Coulomb (SR)      Potential    Kinetic En.   Total Energy
   -5.72460e+05   -6.94089e+03   -5.60800e+05    8.64201e+04   -4.74380e+05
  Conserved En.    Temperature Pressure (bar)   Constr. rmsd
   -4.90670e+05    3.01484e+02    5.12811e+01    1.58039e-05

           Step           Time
           7200      216.00000

   Energies (kJ/mol)
           Bond  Harmonic Pot.       G96Angle    Proper Dih.  Improper Dih.
    1.21465e+04    6.25867e+02    5.94521e+03    4.67300e-03    7.95340e+01
        LJ (SR)   Coulomb (SR)      Potential    Kinetic En.   Total Energy
   -5.72200e+05   -6.77462e+03   -5.60177e+05    8.58641e+04   -4.74313e+05
  Conserved En.    Temperature Pressure (bar)   Constr. rmsd
   -4.90914e+05    2.99544e+02   -5.15241e+01    1.31035e-05

           Step           Time
           7300      219.00000

   Energies (kJ/mol)
           Bond  Harmonic Pot.       G96Angle    Proper Dih.  Improper Dih.
    1.24037e+04    6.34496e+02    5.79509e+03    1.04427e-02    6.54250e+01
        LJ (SR)   Coulomb (SR)      Potential    Kinetic En.   Total Energy
   -5.71021e+05   -6.89117e+03   -5.59013e+05    8.49417e+04   -4.74072e+05
  Conserved En.    Temperature Pressure (bar)   Constr. rmsd
   -4.91133e+05    2.96326e+02   -9.53336e+00    2.41297e-05

           Step           Time
           7400      222.00000

   Energies (kJ/mol)
           Bond  Harmonic Pot.       G96Angle    Proper Dih.  Improper Dih.
    1.25131e+04    6.21153e+02    6.00055e+03    3.68118e-02    8.04670e+01
        LJ (SR)   Coulomb (SR)      Potential    Kinetic En.   Total Energy
   -5.71353e+05   -6.87701e+03   -5.59015e+05    8.63093e+04   -4.72705e+05
  Conserved En.    Temperature Pressure (bar)   Constr. rmsd
   -4.91343e+05    3.01097e+02    2.20184e+01    1.04179e-05

           Step           Time
           7500      225.00000

   Energies (kJ/mol)
           Bond  Harmonic Pot.       G96Angle    Proper Dih.  Improper Dih.
    1.22771e+04    6.00323e+02    5.83487e+03    1.58024e-01    5.81634e+01
        LJ (SR)   Coulomb (SR)      Potential    Kinetic En.   Total Energy
   -5.71535e+05   -6.83426e+03   -5.59599e+05    8.56442e+04   -4.73955e+05
  Conserved En.    Temperature Pressure (bar)   Constr. rmsd
   -4.91579e+05    2.98777e+02    2.12579e+01    1.53102e-05

           Step           Time
           7600      228.00000

   Energies (kJ/mol)
           Bond  Harmonic Pot.       G96Angle    Proper Dih.  Improper Dih.
    1.26543e+04    6.60412e+02    5.82033e+03    3.70836e-01    5.72483e+01
        LJ (SR)   Coulomb (SR)      Potential    Kinetic En.   Total Energy
   -5.70096e+05   -6.86948e+03   -5.57773e+05    8.53864e+04   -4.72386e+05
  Conserved En.    Temperature Pressure (bar)   Constr. rmsd
   -4.91807e+05    2.97878e+02   -2.69990e+01    1.38085e-05

           Step           Time
           7700      231.00000

   Energies (kJ/mol)
           Bond  Harmonic Pot.       G96Angle    Proper Dih.  Improper Dih.
    1.21990e+04    6.32321e+02    5.87261e+03    7.25222e-01    7.67375e+01
        LJ (SR)   Coulomb (SR)      Potential    Kinetic En.   Total Energy
   -5.70878e+05   -6.81460e+03   -5.58911e+05    8.63543e+04   -4.72557e+05
  Conserved En.    Temperature Pressure (bar)   Constr. rmsd
   -4.92029e+05    3.01254e+02    1.13734e+01    1.68357e-05

           Step           Time
           7800      234.00000

   Energies (kJ/mol)
           Bond  Harmonic Pot.       G96Angle    Proper Dih.  Improper Dih.
    1.24470e+04    6.35367e+02    5.80970e+03    1.18947e-01    7.52091e+01
        LJ (SR)   Coulomb (SR)      Potential    Kinetic En.   Total Energy
   -5.71136e+05   -6.84288e+03   -5.59012e+05    8.64315e+04   -4.72580e+05
  Conserved En.    Temperature Pressure (bar)   Constr. rmsd
   -4.92271e+05    3.01523e+02    1.04413e+01    1.77555e-05

           Step           Time
           7900      237.00000

   Energies (kJ/mol)
           Bond  Harmonic Pot.       G96Angle    Proper Dih.  Improper Dih.
    1.23751e+04    5.98172e+02    5.79120e+03    1.44272e+00    6.82534e+01
        LJ (SR)   Coulomb (SR)      Potential    Kinetic En.   Total Energy
   -5.70824e+05   -6.85831e+03   -5.58849e+05    8.62970e+04   -4.72552e+05
  Conserved En.    Temperature Pressure (bar)   Constr. rmsd
   -4.92474e+05    3.01054e+02   -9.71481e+00    1.35862e-05

           Step           Time
           8000      240.00000

   Energies (kJ/mol)
           Bond  Harmonic Pot.       G96Angle    Proper Dih.  Improper Dih.
    1.23340e+04    6.08571e+02    5.92650e+03    2.24235e+00    6.40537e+01
        LJ (SR)   Coulomb (SR)      Potential    Kinetic En.   Total Energy
   -5.70056e+05   -6.85330e+03   -5.57974e+05    8.60998e+04   -4.71874e+05
  Conserved En.    Temperature Pressure (bar)   Constr. rmsd
   -4.92715e+05    3.00366e+02   -1.06421e+00    1.82934e-05

           Step           Time
           8100      243.00000

   Energies (kJ/mol)
           Bond  Harmonic Pot.       G96Angle    Proper Dih.  Improper Dih.
    1.26172e+04    5.81675e+02    5.77659e+03    1.27125e-01    7.48339e+01
        LJ (SR)   Coulomb (SR)      Potential    Kinetic En.   Total Energy
   -5.72104e+05   -6.84237e+03   -5.59896e+05    8.62116e+04   -4.73684e+05
  Conserved En.    Temperature Pressure (bar)   Constr. rmsd
   -4.92932e+05    3.00756e+02    3.38823e+01    1.56753e-05

           Step           Time
           8200      246.00000

   Energies (kJ/mol)
           Bond  Harmonic Pot.       G96Angle    Proper Dih.  Improper Dih.
    1.20540e+04    6.56833e+02    6.04842e+03    7.32710e+00    6.08512e+01
        LJ (SR)   Coulomb (SR)      Potential    Kinetic En.   Total Energy
   -5.70803e+05   -6.84794e+03   -5.58823e+05    8.51373e+04   -4.73686e+05
  Conserved En.    Temperature Pressure (bar)   Constr. rmsd
   -4.93196e+05    2.97008e+02   -9.29578e+00    1.94435e-05

           Step           Time
           8300      249.00000

   Energies (kJ/mol)
           Bond  Harmonic Pot.       G96Angle    Proper Dih.  Improper Dih.
    1.21857e+04    5.75184e+02    5.82217e+03    1.26193e+00    5.91354e+01
        LJ (SR)   Coulomb (SR)      Potential    Kinetic En.   Total Energy
   -5.70657e+05   -6.94654e+03   -5.58960e+05    8.57782e+04   -4.73182e+05
  Conserved En.    Temperature Pressure (bar)   Constr. rmsd
   -4.93412e+05    2.99244e+02    4.46106e+00    1.45611e-05

           Step           Time
           8400      252.00000

   Energies (kJ/mol)
           Bond  Harmonic Pot.       G96Angle    Proper Dih.  Improper Dih.
    1.25452e+04    6.36279e+02    5.94663e+03    3.79896e-01    8.29729e+01
        LJ (SR)   Coulomb (SR)      Potential    Kinetic En.   Total Energy
   -5.70716e+05   -6.86565e+03   -5.58370e+05    8.58782e+04   -4.72492e+05
  Conserved En.    Temperature Pressure (bar)   Constr. rmsd
   -4.93539e+05    2.99593e+02    3.88067e+01    1.70915e-05

           Step           Time
           8500      255.00000

   Energies (kJ/mol)
           Bond  Harmonic Pot.       G96Angle    Proper Dih.  Improper Dih.
    1.24512e+04    6.20987e+02    5.91228e+03    1.03407e+00    6.98744e+01
        LJ (SR)   Coulomb (SR)      Potential    Kinetic En.   Total Energy
   -5.69463e+05   -6.90600e+03   -5.57314e+05    8.58286e+04   -4.71485e+05
  Conserved En.    Temperature Pressure (bar)   Constr. rmsd
   -4.93827e+05    2.99420e+02   -3.44911e+01    1.62384e-05

           Step           Time
           8600      258.00000

   Energies (kJ/mol)
           Bond  Harmonic Pot.       G96Angle    Proper Dih.  Improper Dih.
    1.23514e+04    6.18526e+02    6.00298e+03    1.43504e+00    5.78631e+01
        LJ (SR)   Coulomb (SR)      Potential    Kinetic En.   Total Energy
   -5.70725e+05   -6.87136e+03   -5.58564e+05    8.55006e+04   -4.73064e+05
  Conserved En.    Temperature Pressure (bar)   Constr. rmsd
   -4.94011e+05    2.98276e+02    2.76881e+01    1.94893e-05

           Step           Time
           8700      261.00000

   Energies (kJ/mol)
           Bond  Harmonic Pot.       G96Angle    Proper Dih.  Improper Dih.
    1.25192e+04    6.03729e+02    5.88225e+03    1.83678e-01    6.91926e+01
        LJ (SR)   Coulomb (SR)      Potential    Kinetic En.   Total Energy
   -5.71262e+05   -6.90304e+03   -5.59091e+05    8.65100e+04   -4.72581e+05
  Conserved En.    Temperature Pressure (bar)   Constr. rmsd
   -4.94284e+05    3.01797e+02    1.37355e+01    1.78262e-05

           Step           Time
           8800      264.00000

   Energies (kJ/mol)
           Bond  Harmonic Pot.       G96Angle    Proper Dih.  Improper Dih.
    1.25236e+04    5.95145e+02    5.84430e+03    2.64504e+00    5.40864e+01
        LJ (SR)   Coulomb (SR)      Potential    Kinetic En.   Total Energy
   -5.72560e+05   -6.87192e+03   -5.60412e+05    8.58424e+04   -4.74570e+05
  Conserved En.    Temperature Pressure (bar)   Constr. rmsd
   -4.94459e+05    2.99468e+02    6.71373e+00    1.03402e-05

           Step           Time
           8900      267.00000

   Energies (kJ/mol)
           Bond  Harmonic Pot.       G96Angle    Proper Dih.  Improper Dih.
    1.22054e+04    5.88679e+02    5.83994e+03    1.88000e+00    4.45552e+01
        LJ (SR)   Coulomb (SR)      Potential    Kinetic En.   Total Energy
   -5.70266e+05   -6.83438e+03   -5.58420e+05    8.57092e+04   -4.72711e+05
  Conserved En.    Temperature Pressure (bar)   Constr. rmsd
   -4.94700e+05    2.99003e+02    1.47493e+00    2.45954e-05

           Step           Time
           9000      270.00000

   Energies (kJ/mol)
           Bond  Harmonic Pot.       G96Angle    Proper Dih.  Improper Dih.
    1.23727e+04    6.26444e+02    5.81067e+03    2.08545e+00    6.97568e+01
        LJ (SR)   Coulomb (SR)      Potential    Kinetic En.   Total Energy
   -5.70631e+05   -6.88175e+03   -5.58631e+05    8.63427e+04   -4.72288e+05
  Conserved En.    Temperature Pressure (bar)   Constr. rmsd
   -4.94892e+05    3.01214e+02    7.16943e+01    1.33436e-05

           Step           Time
           9100      273.00000

   Energies (kJ/mol)
           Bond  Harmonic Pot.       G96Angle    Proper Dih.  Improper Dih.
    1.22230e+04    5.90131e+02    5.84999e+03    6.92964e-01    7.90946e+01
        LJ (SR)   Coulomb (SR)      Potential    Kinetic En.   Total Energy
   -5.70369e+05   -6.83792e+03   -5.58464e+05    8.63926e+04   -4.72071e+05
  Conserved En.    Temperature Pressure (bar)   Constr. rmsd
   -4.95193e+05    3.01388e+02   -7.22357e+01    1.27407e-05

           Step           Time
           9200      276.00000

   Energies (kJ/mol)
           Bond  Harmonic Pot.       G96Angle    Proper Dih.  Improper Dih.
    1.24445e+04    6.15293e+02    5.77662e+03    8.49247e-02    5.03190e+01
        LJ (SR)   Coulomb (SR)      Potential    Kinetic En.   Total Energy
   -5.70965e+05   -6.84903e+03   -5.58927e+05    8.58543e+04   -4.73073e+05
  Conserved En.    Temperature Pressure (bar)   Constr. rmsd
   -4.95355e+05    2.99510e+02    7.30272e-01    1.50214e-05

           Step           Time
           9300      279.00000

   Energies (kJ/mol)
           Bond  Harmonic Pot.       G96Angle    Proper Dih.  Improper Dih.
    1.25658e+04    6.41357e+02    5.80405e+03    3.34978e-02    7.30914e+01
        LJ (SR)   Coulomb (SR)      Potential    Kinetic En.   Total Energy
   -5.71347e+05   -6.80986e+03   -5.59073e+05    8.67715e+04   -4.72301e+05
  Conserved En.    Temperature Pressure (bar)   Constr. rmsd
   -4.95536e+05    3.02709e+02    6.03714e+01    2.44187e-05

           Step           Time
           9400      282.00000

   Energies (kJ/mol)
           Bond  Harmonic Pot.       G96Angle    Proper Dih.  Improper Dih.
    1.25098e+04    6.47545e+02    5.99924e+03    5.41449e-02    6.78358e+01
        LJ (SR)   Coulomb (SR)      Potential    Kinetic En.   Total Energy
   -5.70711e+05   -6.74940e+03   -5.58236e+05    8.52849e+04   -4.72951e+05
  Conserved En.    Temperature Pressure (bar)   Constr. rmsd
   -4.95763e+05    2.97523e+02   -1.27891e+01    1.20707e-05

           Step           Time
           9500      285.00000

   Energies (kJ/mol)
           Bond  Harmonic Pot.       G96Angle    Proper Dih.  Improper Dih.
    1.27013e+04    6.33035e+02    5.82996e+03    1.25170e-01    4.95732e+01
        LJ (SR)   Coulomb (SR)      Potential    Kinetic En.   Total Energy
   -5.72516e+05   -6.74889e+03   -5.60051e+05    8.56183e+04   -4.74433e+05
  Conserved En.    Temperature Pressure (bar)   Constr. rmsd
   -4.95974e+05    2.98686e+02    5.20572e+01    1.39891e-05

           Step           Time
           9600      288.00000

   Energies (kJ/mol)
           Bond  Harmonic Pot.       G96Angle    Proper Dih.  Improper Dih.
    1.22880e+04    5.83707e+02    5.71047e+03    3.33786e-02    7.49294e+01
        LJ (SR)   Coulomb (SR)      Potential    Kinetic En.   Total Energy
   -5.69471e+05   -6.84749e+03   -5.57662e+05    8.49889e+04   -4.72673e+05
  Conserved En.    Temperature Pressure (bar)   Constr. rmsd
   -4.96199e+05    2.96491e+02   -4.75146e+01    1.93840e-05

           Step           Time
           9700      291.00000

   Energies (kJ/mol)
           Bond  Harmonic Pot.       G96Angle    Proper Dih.  Improper Dih.
    1.25442e+04    6.26006e+02    5.98903e+03    5.76496e-02    5.65729e+01
        LJ (SR)   Coulomb (SR)      Potential    Kinetic En.   Total Energy
   -5.71543e+05   -6.84788e+03   -5.59175e+05    8.52608e+04   -4.73914e+05
  Conserved En.    Temperature Pressure (bar)   Constr. rmsd
   -4.96382e+05    2.97439e+02    1.17891e+01    1.50942e-05

           Step           Time
           9800      294.00000

   Energies (kJ/mol)
           Bond  Harmonic Pot.       G96Angle    Proper Dih.  Improper Dih.
    1.26962e+04    5.79667e+02    5.91679e+03    5.47600e-01    6.41097e+01
        LJ (SR)   Coulomb (SR)      Potential    Kinetic En.   Total Energy
   -5.71510e+05   -6.86470e+03   -5.59117e+05    8.53595e+04   -4.73758e+05
  Conserved En.    Temperature Pressure (bar)   Constr. rmsd
   -4.96634e+05    2.97784e+02    6.77962e+00    1.04265e-05

           Step           Time
           9900      297.00000

   Energies (kJ/mol)
           Bond  Harmonic Pot.       G96Angle    Proper Dih.  Improper Dih.
    1.19834e+04    6.17549e+02    5.82071e+03    2.27213e-02    5.61932e+01
        LJ (SR)   Coulomb (SR)      Potential    Kinetic En.   Total Energy
   -5.70867e+05   -6.82899e+03   -5.59218e+05    8.53429e+04   -4.73875e+05
  Conserved En.    Temperature Pressure (bar)   Constr. rmsd
   -4.96842e+05    2.97726e+02   -2.70911e+01    1.65461e-05

           Step           Time
          10000      300.00000

   Energies (kJ/mol)
           Bond  Harmonic Pot.       G96Angle    Proper Dih.  Improper Dih.
    1.27480e+04    6.18531e+02    6.05422e+03    6.07967e-03    5.79211e+01
        LJ (SR)   Coulomb (SR)      Potential    Kinetic En.   Total Energy
   -5.72134e+05   -6.81250e+03   -5.59468e+05    8.57693e+04   -4.73699e+05
  Conserved En.    Temperature Pressure (bar)   Constr. rmsd
   -4.97078e+05    2.99213e+02    2.99156e+01    1.97942e-05

           Step           Time
          10100      303.00000

   Energies (kJ/mol)
           Bond  Harmonic Pot.       G96Angle    Proper Dih.  Improper Dih.
    1.26049e+04    6.14696e+02    5.83038e+03    2.56147e+00    6.90991e+01
        LJ (SR)   Coulomb (SR)      Potential    Kinetic En.   Total Energy
   -5.70688e+05   -6.82811e+03   -5.58394e+05    8.58254e+04   -4.72569e+05
  Conserved En.    Temperature Pressure (bar)   Constr. rmsd
   -4.97331e+05    2.99409e+02   -2.69168e+01    1.49442e-05

           Step           Time
          10200      306.00000

   Energies (kJ/mol)
           Bond  Harmonic Pot.       G96Angle    Proper Dih.  Improper Dih.
    1.25938e+04    6.23706e+02    5.89422e+03    3.06797e-01    7.38066e+01
        LJ (SR)   Coulomb (SR)      Potential    Kinetic En.   Total Energy
   -5.70350e+05   -6.78434e+03   -5.57948e+05    8.63300e+04   -4.71618e+05
  Conserved En.    Temperature Pressure (bar)   Constr. rmsd
   -4.97553e+05    3.01169e+02   -2.56426e+01    1.74531e-05

           Step           Time
          10300      309.00000

   Energies (kJ/mol)
           Bond  Harmonic Pot.       G96Angle    Proper Dih.  Improper Dih.
    1.23700e+04    6.45410e+02    5.80292e+03    1.70803e-01    6.45146e+01
        LJ (SR)   Coulomb (SR)      Potential    Kinetic En.   Total Energy
   -5.70447e+05   -6.82292e+03   -5.58387e+05    8.63181e+04   -4.72068e+05
  Conserved En.    Temperature Pressure (bar)   Constr. rmsd
   -4.97773e+05    3.01128e+02    1.87622e+01    1.37819e-05

           Step           Time
          10400      312.00000

   Energies (kJ/mol)
           Bond  Harmonic Pot.       G96Angle    Proper Dih.  Improper Dih.
    1.20840e+04    5.91793e+02    5.92594e+03    7.94888e-02    6.11746e+01
        LJ (SR)   Coulomb (SR)      Potential    Kinetic En.   Total Energy
   -5.69941e+05   -6.79091e+03   -5.58069e+05    8.53564e+04   -4.72713e+05
  Conserved En.    Temperature Pressure (bar)   Constr. rmsd
   -4.98033e+05    2.97773e+02   -3.22282e+01    1.20999e-05

           Step           Time
          10500      315.00000

   Energies (kJ/mol)
           Bond  Harmonic Pot.       G96Angle    Proper Dih.  Improper Dih.
    1.21830e+04    5.87947e+02    6.04344e+03    2.38180e-02    5.75631e+01
        LJ (SR)   Coulomb (SR)      Potential    Kinetic En.   Total Energy
   -5.69649e+05   -6.82922e+03   -5.57606e+05    8.51236e+04   -4.72482e+05
  Conserved En.    Temperature Pressure (bar)   Constr. rmsd
   -4.98253e+05    2.96961e+02   -1.67790e+00    1.28334e-05

           Step           Time
          10600      318.00000

   Energies (kJ/mol)
           Bond  Harmonic Pot.       G96Angle    Proper Dih.  Improper Dih.
    1.24525e+04    6.10920e+02    5.71003e+03    1.69723e+00    8.40857e+01
        LJ (SR)   Coulomb (SR)      Potential    Kinetic En.   Total Energy
   -5.71671e+05   -6.78655e+03   -5.59598e+05    8.74772e+04   -4.72121e+05
  Conserved En.    Temperature Pressure (bar)   Constr. rmsd
   -4.98463e+05    3.05171e+02    2.85877e+01    1.63052e-05

           Step           Time
          10700      321.00000

   Energies (kJ/mol)
           Bond  Harmonic Pot.       G96Angle    Proper Dih.  Improper Dih.
    1.25240e+04    6.00251e+02    5.67569e+03    1.56164e-02    6.75376e+01
        LJ (SR)   Coulomb (SR)      Potential    Kinetic En.   Total Energy
   -5.70952e+05   -6.73918e+03   -5.58824e+05    8.51871e+04   -4.73637e+05
  Conserved En.    Temperature Pressure (bar)   Constr. rmsd
   -4.98665e+05    2.97182e+02   -7.32033e+00    1.70826e-05

           Step           Time
          10800      324.00000

   Energies (kJ/mol)
           Bond  Harmonic Pot.       G96Angle    Proper Dih.  Improper Dih.
    1.23320e+04    6.34161e+02    5.96692e+03    9.80687e-01    8.17684e+01
        LJ (SR)   Coulomb (SR)      Potential    Kinetic En.   Total Energy
   -5.70498e+05   -6.69908e+03   -5.58182e+05    8.59156e+04   -4.72266e+05
  Conserved En.    Temperature Pressure (bar)   Constr. rmsd
   -4.98907e+05    2.99724e+02   -2.46701e+01    1.59204e-05

           Step           Time
          10900      327.00000

   Energies (kJ/mol)
           Bond  Harmonic Pot.       G96Angle    Proper Dih.  Improper Dih.
    1.21837e+04    6.37842e+02    6.10040e+03    2.79188e-02    6.27146e+01
        LJ (SR)   Coulomb (SR)      Potential    Kinetic En.   Total Energy
   -5.70558e+05   -6.82283e+03   -5.58396e+05    8.62841e+04   -4.72112e+05
  Conserved En.    Temperature Pressure (bar)   Constr. rmsd
   -4.99126e+05    3.01009e+02   -5.62598e+01    1.69153e-05

           Step           Time
          11000      330.00000

   Energies (kJ/mol)
           Bond  Harmonic Pot.       G96Angle    Proper Dih.  Improper Dih.
    1.24845e+04    6.18879e+02    5.99723e+03    7.46417e-01    5.67476e+01
        LJ (SR)   Coulomb (SR)      Potential    Kinetic En.   Total Energy
   -5.70225e+05   -6.74565e+03   -5.57813e+05    8.74009e+04   -4.70412e+05
  Conserved En.    Temperature Pressure (bar)   Constr. rmsd
   -4.99369e+05    3.04905e+02    1.77867e+01    1.55779e-05

           Step           Time
          11100      333.00000

   Energies (kJ/mol)
           Bond  Harmonic Pot.       G96Angle    Proper Dih.  Improper Dih.
    1.23590e+04    6.40017e+02    6.03788e+03    2.32196e-01    5.01725e+01
        LJ (SR)   Coulomb (SR)      Potential    Kinetic En.   Total Energy
   -5.71570e+05   -6.72672e+03   -5.59210e+05    8.53970e+04   -4.73813e+05
  Conserved En.    Temperature Pressure (bar)   Constr. rmsd
   -4.99582e+05    2.97915e+02   -3.02791e+01    1.52833e-05

           Step           Time
          11200      336.00000

   Energies (kJ/mol)
           Bond  Harmonic Pot.       G96Angle    Proper Dih.  Improper Dih.
    1.24976e+04    6.12264e+02    5.91367e+03    1.16191e+00    6.60850e+01
        LJ (SR)   Coulomb (SR)      Potential    Kinetic En.   Total Energy
   -5.71396e+05   -6.80755e+03   -5.59113e+05    8.43083e+04   -4.74805e+05
  Conserved En.    Temperature Pressure (bar)   Constr. rmsd
   -4.99764e+05    2.94116e+02   -2.53621e+01    1.43852e-05

           Step           Time
          11300      339.00000

   Energies (kJ/mol)
           Bond  Harmonic Pot.       G96Angle    Proper Dih.  Improper Dih.
    1.25394e+04    6.22647e+02    6.02022e+03    3.65376e-01    6.23146e+01
        LJ (SR)   Coulomb (SR)      Potential    Kinetic En.   Total Energy
   -5.71446e+05   -6.78943e+03   -5.58991e+05    8.63419e+04   -4.72649e+05
  Conserved En.    Temperature Pressure (bar)   Constr. rmsd
   -4.99964e+05    3.01211e+02   -6.45440e+00    1.50029e-05

           Step           Time
          11400      342.00000

   Energies (kJ/mol)
           Bond  Harmonic Pot.       G96Angle    Proper Dih.  Improper Dih.
    1.20655e+04    5.96393e+02    5.91609e+03    7.34878e-01    7.41044e+01
        LJ (SR)   Coulomb (SR)      Potential    Kinetic En.   Total Energy
   -5.69473e+05   -6.72247e+03   -5.57543e+05    8.66143e+04   -4.70929e+05
  Conserved En.    Temperature Pressure (bar)   Constr. rmsd
   -5.00195e+05    3.02161e+02   -1.23375e+01    1.80663e-05

           Step           Time
          11500      345.00000

   Energies (kJ/mol)
           Bond  Harmonic Pot.       G96Angle    Proper Dih.  Improper Dih.
    1.23146e+04    6.11108e+02    5.95926e+03    5.86510e-03    8.32220e+01
        LJ (SR)   Coulomb (SR)      Potential    Kinetic En.   Total Energy
   -5.70809e+05   -6.77262e+03   -5.58614e+05    8.72890e+04   -4.71325e+05
  Conserved En.    Temperature Pressure (bar)   Constr. rmsd
   -5.00440e+05    3.04515e+02    1.84111e+01    1.75789e-05

           Step           Time
          11600      348.00000

   Energies (kJ/mol)
           Bond  Harmonic Pot.       G96Angle    Proper Dih.  Improper Dih.
    1.21931e+04    6.11158e+02    5.96261e+03    2.09939e+00    8.98983e+01
        LJ (SR)   Coulomb (SR)      Potential    Kinetic En.   Total Energy
   -5.68430e+05   -6.74116e+03   -5.56312e+05    8.55671e+04   -4.70745e+05
  Conserved En.    Temperature Pressure (bar)   Constr. rmsd
   -5.00679e+05    2.98508e+02   -4.93334e+01    1.41455e-05

           Step           Time
          11700      351.00000

   Energies (kJ/mol)
           Bond  Harmonic Pot.       G96Angle    Proper Dih.  Improper Dih.
    1.27597e+04    6.57516e+02    5.89082e+03    3.07107e-01    7.41835e+01
        LJ (SR)   Coulomb (SR)      Potential    Kinetic En.   Total Energy
   -5.71368e+05   -6.77517e+03   -5.58761e+05    8.59577e+04   -4.72803e+05
  Conserved En.    Temperature Pressure (bar)   Constr. rmsd
   -5.00846e+05    2.99871e+02    2.01760e+01    1.23662e-05

           Step           Time
          11800      354.00000

   Energies (kJ/mol)
           Bond  Harmonic Pot.       G96Angle    Proper Dih.  Improper Dih.
    1.22729e+04    6.34508e+02    6.12759e+03    2.32649e-01    5.68725e+01
        LJ (SR)   Coulomb (SR)      Potential    Kinetic En.   Total Energy
   -5.69400e+05   -6.75154e+03   -5.57059e+05    8.73151e+04   -4.69744e+05
  Conserved En.    Temperature Pressure (bar)   Constr. rmsd
   -5.01097e+05    3.04606e+02    9.31802e+00    2.14901e-05

           Step           Time
          11900      357.00000

   Energies (kJ/mol)
           Bond  Harmonic Pot.       G96Angle    Proper Dih.  Improper Dih.
    1.21079e+04    5.67046e+02    6.01153e+03    7.76935e-01    5.67271e+01
        LJ (SR)   Coulomb (SR)      Potential    Kinetic En.   Total Energy
   -5.70097e+05   -6.76789e+03   -5.58121e+05    8.54622e+04   -4.72658e+05
  Conserved En.    Temperature Pressure (bar)   Constr. rmsd
   -5.01297e+05    2.98142e+02    1.10130e+01    1.72331e-05

           Step           Time
          12000      360.00000

   Energies (kJ/mol)
           Bond  Harmonic Pot.       G96Angle    Proper Dih.  Improper Dih.
    1.20850e+04    6.15456e+02    5.77875e+03    2.28858e-01    6.80063e+01
        LJ (SR)   Coulomb (SR)      Potential    Kinetic En.   Total Energy
   -5.69911e+05   -6.81713e+03   -5.58181e+05    8.52805e+04   -4.72900e+05
  Conserved En.    Temperature Pressure (bar)   Constr. rmsd
   -5.01527e+05    2.97508e+02   -2.24397e+01    1.26204e-05

           Step           Time
          12100      363.00000

   Energies (kJ/mol)
           Bond  Harmonic Pot.       G96Angle    Proper Dih.  Improper Dih.
    1.28454e+04    6.24612e+02    5.96238e+03    1.21474e-01    5.78000e+01
        LJ (SR)   Coulomb (SR)      Potential    Kinetic En.   Total Energy
   -5.71145e+05   -6.78187e+03   -5.58436e+05    8.60783e+04   -4.72358e+05
  Conserved En.    Temperature Pressure (bar)   Constr. rmsd
   -5.01761e+05    3.00291e+02    3.53584e+01    1.40816e-05

           Step           Time
          12200      366.00000

   Energies (kJ/mol)
           Bond  Harmonic Pot.       G96Angle    Proper Dih.  Improper Dih.
    1.23800e+04    6.04526e+02    5.77931e+03    5.11312e-01    6.17580e+01
        LJ (SR)   Coulomb (SR)      Potential    Kinetic En.   Total Energy
   -5.70208e+05   -6.81774e+03   -5.58200e+05    8.54095e+04   -4.72790e+05
  Conserved En.    Temperature Pressure (bar)   Constr. rmsd
   -5.02003e+05    2.97958e+02   -2.67384e+01    1.43803e-05

           Step           Time
          12300      369.00000

   Energies (kJ/mol)
           Bond  Harmonic Pot.       G96Angle    Proper Dih.  Improper Dih.
    1.19578e+04    6.40325e+02    6.03733e+03    4.53091e-01    6.23478e+01
        LJ (SR)   Coulomb (SR)      Potential    Kinetic En.   Total Energy
   -5.71876e+05   -6.79513e+03   -5.59973e+05    8.52861e+04   -4.74687e+05
  Conserved En.    Temperature Pressure (bar)   Constr. rmsd
   -5.02216e+05    2.97528e+02   -2.08286e+01    1.57882e-05

           Step           Time
          12400      372.00000

   Energies (kJ/mol)
           Bond  Harmonic Pot.       G96Angle    Proper Dih.  Improper Dih.
    1.23515e+04    5.99618e+02    5.95112e+03    7.73454e-01    6.74036e+01
        LJ (SR)   Coulomb (SR)      Potential    Kinetic En.   Total Energy
   -5.71237e+05   -6.76700e+03   -5.59034e+05    8.59079e+04   -4.73126e+05
  Conserved En.    Temperature Pressure (bar)   Constr. rmsd
   -5.02442e+05    2.99697e+02   -2.94481e+00    1.46648e-05

           Step           Time
          12500      375.00000

   Energies (kJ/mol)
           Bond  Harmonic Pot.       G96Angle    Proper Dih.  Improper Dih.
    1.24095e+04    6.01560e+02    5.94696e+03    3.21534e+00    6.25914e+01
        LJ (SR)   Coulomb (SR)      Potential    Kinetic En.   Total Energy
   -5.70518e+05   -6.79169e+03   -5.58286e+05    8.55768e+04   -4.72709e+05
  Conserved En.    Temperature Pressure (bar)   Constr. rmsd
   -5.02670e+05    2.98542e+02   -1.77835e+01    1.61022e-05

           Step           Time
          12600      378.00000

   Energies (kJ/mol)
           Bond  Harmonic Pot.       G96Angle    Proper Dih.  Improper Dih.
    1.21896e+04    6.17005e+02    5.72126e+03    1.58644e-01    7.16172e+01
        LJ (SR)   Coulomb (SR)      Potential    Kinetic En.   Total Energy
   -5.69764e+05   -6.78069e+03   -5.57945e+05    8.56474e+04   -4.72297e+05
  Conserved En.    Temperature Pressure (bar)   Constr. rmsd
   -5.02875e+05    2.98788e+02    1.79797e+01    1.38920e-05

           Step           Time
          12700      381.00000

   Energies (kJ/mol)
           Bond  Harmonic Pot.       G96Angle    Proper Dih.  Improper Dih.
    1.24935e+04    6.21098e+02    5.96929e+03    1.91026e+00    7.69556e+01
        LJ (SR)   Coulomb (SR)      Potential    Kinetic En.   Total Energy
   -5.70416e+05   -6.89917e+03   -5.58152e+05    8.68002e+04   -4.71352e+05
  Conserved En.    Temperature Pressure (bar)   Constr. rmsd
   -5.03107e+05    3.02810e+02   -1.06082e+01    2.10857e-05

           Step           Time
          12800      384.00000

   Energies (kJ/mol)
           Bond  Harmonic Pot.       G96Angle    Proper Dih.  Improper Dih.
    1.24120e+04    6.04755e+02    5.82586e+03    1.99199e-01    5.51400e+01
        LJ (SR)   Coulomb (SR)      Potential    Kinetic En.   Total Energy
   -5.70496e+05   -6.73998e+03   -5.58338e+05    8.62844e+04   -4.72054e+05
  Conserved En.    Temperature Pressure (bar)   Constr. rmsd
   -5.03350e+05    3.01010e+02   -2.10961e+01    1.27954e-05

           Step           Time
          12900      387.00000

   Energies (kJ/mol)
           Bond  Harmonic Pot.       G96Angle    Proper Dih.  Improper Dih.
    1.25372e+04    6.10601e+02    5.74221e+03    1.04191e+00    6.01634e+01
        LJ (SR)   Coulomb (SR)      Potential    Kinetic En.   Total Energy
   -5.70098e+05   -6.88578e+03   -5.58032e+05    8.52668e+04   -4.72766e+05
  Conserved En.    Temperature Pressure (bar)   Constr. rmsd
   -5.03569e+05    2.97460e+02   -9.02979e+00    1.73652e-05

           Step           Time
          13000      390.00000

   Energies (kJ/mol)
           Bond  Harmonic Pot.       G96Angle    Proper Dih.  Improper Dih.
    1.22006e+04    6.33809e+02    6.13719e+03    1.37208e+00    6.73834e+01
        LJ (SR)   Coulomb (SR)      Potential    Kinetic En.   Total Energy
   -5.72574e+05   -6.78702e+03   -5.60321e+05    8.54823e+04   -4.74839e+05
  Conserved En.    Temperature Pressure (bar)   Constr. rmsd
   -5.03788e+05    2.98212e+02    2.31351e+01    1.55553e-05

           Step           Time
          13100      393.00000

   Energies (kJ/mol)
           Bond  Harmonic Pot.       G96Angle    Proper Dih.  Improper Dih.
    1.25417e+04    6.37799e+02    5.87394e+03    9.15051e-02    7.54237e+01
        LJ (SR)   Coulomb (SR)      Potential    Kinetic En.   Total Energy
   -5.71277e+05   -6.79274e+03   -5.58941e+05    8.55787e+04   -4.73362e+05
  Conserved En.    Temperature Pressure (bar)   Constr. rmsd
   -5.04000e+05    2.98548e+02   -1.60712e+01    1.88722e-05

           Step           Time
          13200      396.00000

   Energies (kJ/mol)
           Bond  Harmonic Pot.       G96Angle    Proper Dih.  Improper Dih.
    1.22669e+04    6.13183e+02    5.92147e+03    3.04441e+00    6.79209e+01
        LJ (SR)   Coulomb (SR)      Potential    Kinetic En.   Total Energy
   -5.71760e+05   -6.86597e+03   -5.59753e+05    8.53398e+04   -4.74413e+05
  Conserved En.    Temperature Pressure (bar)   Constr. rmsd
   -5.04206e+05    2.97715e+02   -1.34432e+01    1.53194e-05

           Step           Time
          13300      399.00000

   Energies (kJ/mol)
           Bond  Harmonic Pot.       G96Angle    Proper Dih.  Improper Dih.
    1.22000e+04    5.65099e+02    6.09600e+03    2.22166e+00    7.62571e+01
        LJ (SR)   Coulomb (SR)      Potential    Kinetic En.   Total Energy
   -5.71450e+05   -6.80509e+03   -5.59316e+05    8.57277e+04   -4.73588e+05
  Conserved En.    Temperature Pressure (bar)   Constr. rmsd
   -5.04410e+05    2.99068e+02   -3.05998e+01    1.81345e-05

           Step           Time
          13400      402.00000

   Energies (kJ/mol)
           Bond  Harmonic Pot.       G96Angle    Proper Dih.  Improper Dih.
    1.24565e+04    6.12856e+02    5.79927e+03    9.62257e-02    7.54305e+01
        LJ (SR)   Coulomb (SR)      Potential    Kinetic En.   Total Energy
   -5.70321e+05   -6.81068e+03   -5.58188e+05    8.62792e+04   -4.71908e+05
  Conserved En.    Temperature Pressure (bar)   Constr. rmsd
   -5.04684e+05    3.00992e+02    3.58872e+01    1.53178e-05

           Step           Time
          13500      405.00000

   Energies (kJ/mol)
           Bond  Harmonic Pot.       G96Angle    Proper Dih.  Improper Dih.
    1.22112e+04    6.28884e+02    5.92254e+03    2.05417e+00    6.16421e+01
        LJ (SR)   Coulomb (SR)      Potential    Kinetic En.   Total Energy
   -5.68215e+05   -6.81201e+03   -5.56201e+05    8.70476e+04   -4.69153e+05
  Conserved En.    Temperature Pressure (bar)   Constr. rmsd
   -5.04927e+05    3.03673e+02   -8.55893e+01    1.50285e-05

           Step           Time
          13600      408.00000

   Energies (kJ/mol)
           Bond  Harmonic Pot.       G96Angle    Proper Dih.  Improper Dih.
    1.24866e+04    6.28504e+02    6.01874e+03    1.01686e-01    5.98495e+01
        LJ (SR)   Coulomb (SR)      Potential    Kinetic En.   Total Energy
   -5.72647e+05   -6.88422e+03   -5.60337e+05    8.67313e+04   -4.73606e+05
  Conserved En.    Temperature Pressure (bar)   Constr. rmsd
   -5.05112e+05    3.02569e+02    2.82814e+01    9.84536e-06

           Step           Time
          13700      411.00000

   Energies (kJ/mol)
           Bond  Harmonic Pot.       G96Angle    Proper Dih.  Improper Dih.
    1.20576e+04    5.91731e+02    6.02437e+03    2.18511e-01    6.45731e+01
        LJ (SR)   Coulomb (SR)      Potential    Kinetic En.   Total Energy
   -5.70100e+05   -6.80867e+03   -5.58170e+05    8.62207e+04   -4.71950e+05
  Conserved En.    Temperature Pressure (bar)   Constr. rmsd
   -5.05295e+05    3.00788e+02   -2.38041e+01    1.86076e-05

           Step           Time
          13800      414.00000

   Energies (kJ/mol)
           Bond  Harmonic Pot.       G96Angle    Proper Dih.  Improper Dih.
    1.23953e+04    6.06937e+02    5.85169e+03    4.76837e-04    7.49144e+01
        LJ (SR)   Coulomb (SR)      Potential    Kinetic En.   Total Energy
   -5.70324e+05   -6.70097e+03   -5.58096e+05    8.47280e+04   -4.73368e+05
  Conserved En.    Temperature Pressure (bar)   Constr. rmsd
   -5.05511e+05    2.95580e+02   -1.42077e+01    1.60174e-05

           Step           Time
          13900      417.00000

   Energies (kJ/mol)
           Bond  Harmonic Pot.       G96Angle    Proper Dih.  Improper Dih.
    1.27645e+04    6.18872e+02    5.94469e+03    1.68729e-01    9.50901e+01
        LJ (SR)   Coulomb (SR)      Potential    Kinetic En.   Total Energy
   -5.72068e+05   -6.79285e+03   -5.59437e+05    8.63900e+04   -4.73047e+05
  Conserved En.    Temperature Pressure (bar)   Constr. rmsd
   -5.05752e+05    3.01379e+02    3.13658e+01    1.81201e-05

           Step           Time
          14000      420.00000

   Energies (kJ/mol)
           Bond  Harmonic Pot.       G96Angle    Proper Dih.  Improper Dih.
    1.25500e+04    6.58727e+02    5.88125e+03    1.52397e-01    8.68435e+01
        LJ (SR)   Coulomb (SR)      Potential    Kinetic En.   Total Energy
   -5.70746e+05   -6.87319e+03   -5.58442e+05    8.68553e+04   -4.71586e+05
  Conserved En.    Temperature Pressure (bar)   Constr. rmsd
   -5.05988e+05    3.03002e+02   -6.03932e+01    1.34463e-05

           Step           Time
          14100      423.00000

   Energies (kJ/mol)
           Bond  Harmonic Pot.       G96Angle    Proper Dih.  Improper Dih.
    1.23717e+04    6.22590e+02    5.89759e+03    2.78449e-01    7.21451e+01
        LJ (SR)   Coulomb (SR)      Potential    Kinetic En.   Total Energy
   -5.70877e+05   -6.77185e+03   -5.58685e+05    8.55046e+04   -4.73180e+05
  Conserved En.    Temperature Pressure (bar)   Constr. rmsd
   -5.06157e+05    2.98290e+02   -3.11506e+01    2.59354e-05

           Step           Time
          14200      426.00000

   Energies (kJ/mol)
           Bond  Harmonic Pot.       G96Angle    Proper Dih.  Improper Dih.
    1.24790e+04    5.91616e+02    5.83099e+03    2.02656e-03    4.95234e+01
        LJ (SR)   Coulomb (SR)      Potential    Kinetic En.   Total Energy
   -5.71925e+05   -6.83350e+03   -5.59808e+05    8.67788e+04   -4.73029e+05
  Conserved En.    Temperature Pressure (bar)   Constr. rmsd
   -5.06367e+05    3.02735e+02    5.04727e+01    1.76268e-05

           Step           Time
          14300      429.00000

   Energies (kJ/mol)
           Bond  Harmonic Pot.       G96Angle    Proper Dih.  Improper Dih.
    1.22737e+04    6.20550e+02    5.60336e+03    2.73299e-01    7.97578e+01
        LJ (SR)   Coulomb (SR)      Potential    Kinetic En.   Total Energy
   -5.70019e+05   -6.65253e+03   -5.58094e+05    8.59652e+04   -4.72129e+05
  Conserved En.    Temperature Pressure (bar)   Constr. rmsd
   -5.06616e+05    2.99897e+02   -4.95792e+01    1.52222e-05

           Step           Time
          14400      432.00000

   Energies (kJ/mol)
           Bond  Harmonic Pot.       G96Angle    Proper Dih.  Improper Dih.
    1.29569e+04    5.79464e+02    5.62305e+03    4.75383e-01    7.44866e+01
        LJ (SR)   Coulomb (SR)      Potential    Kinetic En.   Total Energy
   -5.71603e+05   -6.76171e+03   -5.59131e+05    8.60204e+04   -4.73110e+05
  Conserved En.    Temperature Pressure (bar)   Constr. rmsd
   -5.06763e+05    3.00089e+02    3.31247e+01    1.43649e-05

           Step           Time
          14500      435.00000

   Energies (kJ/mol)
           Bond  Harmonic Pot.       G96Angle    Proper Dih.  Improper Dih.
    1.27008e+04    6.43599e+02    5.99462e+03    1.46723e+00    6.06359e+01
        LJ (SR)   Coulomb (SR)      Potential    Kinetic En.   Total Energy
   -5.70069e+05   -6.73881e+03   -5.57406e+05    8.67048e+04   -4.70702e+05
  Conserved En.    Temperature Pressure (bar)   Constr. rmsd
   -5.06981e+05    3.02477e+02    1.00530e+01    1.39840e-05

           Step           Time
          14600      438.00000

   Energies (kJ/mol)
           Bond  Harmonic Pot.       G96Angle    Proper Dih.  Improper Dih.
    1.22990e+04    6.13360e+02    5.79903e+03    2.45368e+00    8.61803e+01
        LJ (SR)   Coulomb (SR)      Potential    Kinetic En.   Total Energy
   -5.70473e+05   -6.70689e+03   -5.58380e+05    8.64895e+04   -4.71891e+05
  Conserved En.    Temperature Pressure (bar)   Constr. rmsd
   -5.07315e+05    3.01726e+02   -1.06695e+02    1.27484e-05

           Step           Time
          14700      441.00000

   Energies (kJ/mol)
           Bond  Harmonic Pot.       G96Angle    Proper Dih.  Improper Dih.
    1.26234e+04    5.79975e+02    5.84443e+03    1.23429e-01    7.57916e+01
        LJ (SR)   Coulomb (SR)      Potential    Kinetic En.   Total Energy
   -5.70142e+05   -6.69997e+03   -5.57719e+05    8.65362e+04   -4.71182e+05
  Conserved En.    Temperature Pressure (bar)   Constr. rmsd
   -5.07503e+05    3.01889e+02   -2.48982e+01    1.89009e-05

           Step           Time
          14800      444.00000

   Energies (kJ/mol)
           Bond  Harmonic Pot.       G96Angle    Proper Dih.  Improper Dih.
    1.27476e+04    6.24301e+02    5.97850e+03    1.05367e+00    5.60193e+01
        LJ (SR)   Coulomb (SR)      Potential    Kinetic En.   Total Energy
   -5.70198e+05   -6.81480e+03   -5.57605e+05    8.75992e+04   -4.70006e+05
  Conserved En.    Temperature Pressure (bar)   Constr. rmsd
   -5.07654e+05    3.05597e+02    4.05730e+01    1.28065e-05

           Step           Time
          14900      447.00000

   Energies (kJ/mol)
           Bond  Harmonic Pot.       G96Angle    Proper Dih.  Improper Dih.
    1.28072e+04    6.26512e+02    5.95659e+03    5.84531e-01    6.90029e+01
        LJ (SR)   Coulomb (SR)      Potential    Kinetic En.   Total Energy
   -5.70284e+05   -6.79878e+03   -5.57623e+05    8.70235e+04   -4.70600e+05
  Conserved En.    Temperature Pressure (bar)   Constr. rmsd
   -5.07932e+05    3.03589e+02   -7.57203e+00    1.59121e-05

           Step           Time
          15000      450.00000

   Energies (kJ/mol)
           Bond  Harmonic Pot.       G96Angle    Proper Dih.  Improper Dih.
    1.24326e+04    6.07138e+02    5.77434e+03    4.84347e-01    6.17813e+01
        LJ (SR)   Coulomb (SR)      Potential    Kinetic En.   Total Energy
   -5.69598e+05   -6.79618e+03   -5.57518e+05    8.58788e+04   -4.71639e+05
  Conserved En.    Temperature Pressure (bar)   Constr. rmsd
   -5.08153e+05    2.99595e+02   -5.34602e+01    1.52065e-05

           Step           Time
          15100      453.00000

   Energies (kJ/mol)
           Bond  Harmonic Pot.       G96Angle    Proper Dih.  Improper Dih.
    1.23792e+04    5.96780e+02    5.77059e+03    2.67506e-01    4.59586e+01
        LJ (SR)   Coulomb (SR)      Potential    Kinetic En.   Total Energy
   -5.71934e+05   -6.83322e+03   -5.59974e+05    8.70127e+04   -4.72962e+05
  Conserved En.    Temperature Pressure (bar)   Constr. rmsd
   -5.08389e+05    3.03551e+02    1.93226e+01    1.36726e-05

           Step           Time
          15200      456.00000

   Energies (kJ/mol)
           Bond  Harmonic Pot.       G96Angle    Proper Dih.  Improper Dih.
    1.21814e+04    6.12536e+02    5.96330e+03    1.50001e+00    7.92530e+01
        LJ (SR)   Coulomb (SR)      Potential    Kinetic En.   Total Energy
   -5.70248e+05   -6.91936e+03   -5.58329e+05    8.51827e+04   -4.73147e+05
  Conserved En.    Temperature Pressure (bar)   Constr. rmsd
   -5.08642e+05    2.97167e+02   -3.45221e+01    1.25125e-05

           Step           Time
          15300      459.00000

   Energies (kJ/mol)
           Bond  Harmonic Pot.       G96Angle    Proper Dih.  Improper Dih.
    1.26664e+04    6.02626e+02    5.89312e+03    4.29535e-01    7.11501e+01
        LJ (SR)   Coulomb (SR)      Potential    Kinetic En.   Total Energy
   -5.72077e+05   -6.75107e+03   -5.59595e+05    8.59712e+04   -4.73623e+05
  Conserved En.    Temperature Pressure (bar)   Constr. rmsd
   -5.08809e+05    2.99918e+02   -8.66287e-01    1.10958e-05

           Step           Time
          15400      462.00000

   Energies (kJ/mol)
           Bond  Harmonic Pot.       G96Angle    Proper Dih.  Improper Dih.
    1.21215e+04    6.20632e+02    5.96466e+03    1.14107e+00    7.33115e+01
        LJ (SR)   Coulomb (SR)      Potential    Kinetic En.   Total Energy
   -5.69603e+05   -6.91084e+03   -5.57733e+05    8.67238e+04   -4.71009e+05
  Conserved En.    Temperature Pressure (bar)   Constr. rmsd
   -5.09004e+05    3.02543e+02    2.07530e+01    1.44744e-05


Step 15480: Run time exceeded 0.099 hours, will terminate the run
           Step           Time
          15500      465.00000

Writing checkpoint, step 15500 at Sun Sep 16 14:01:09 2018


   Energies (kJ/mol)
           Bond  Harmonic Pot.       G96Angle    Proper Dih.  Improper Dih.
    1.24427e+04    6.20156e+02    5.67043e+03    3.60012e-03    5.60265e+01
        LJ (SR)   Coulomb (SR)      Potential    Kinetic En.   Total Energy
   -5.71373e+05   -6.86192e+03   -5.59445e+05    8.43983e+04   -4.75047e+05
  Conserved En.    Temperature Pressure (bar)   Constr. rmsd
   -5.09214e+05    2.94430e+02    4.30812e+00    1.04711e-05

	<======  ###############  ==>
	<====  A V E R A G E S  ====>
	<==  ###############  ======>

	Statistics over 15501 steps using 156 frames

   Energies (kJ/mol)
           Bond  Harmonic Pot.       G96Angle    Proper Dih.  Improper Dih.
    1.24283e+04    6.21948e+02    5.87893e+03    9.82081e-01    6.82862e+01
        LJ (SR)   Coulomb (SR)      Potential    Kinetic En.   Total Energy
   -5.71000e+05   -6.80572e+03   -5.58808e+05    8.59116e+04   -4.72896e+05
  Conserved En.    Temperature Pressure (bar)   Constr. rmsd
   -4.92045e+05    2.99710e+02   -2.72263e+00    0.00000e+00

          Box-X          Box-Y          Box-Z
    1.41830e+01    1.41830e+01    1.28554e+01

   Total Virial (kJ/mol)
    2.91338e+04   -9.22798e+01   -2.29741e+02
   -9.22901e+01    2.84732e+04    3.53753e+01
   -2.29748e+02    3.53764e+01    2.89516e+04

   Pressure (bar)
   -5.69280e+00    1.03124e+00    2.94193e+00
    1.03137e+00    1.99805e+00   -5.40283e-01
    2.94202e+00   -5.40298e-01   -4.47314e+00

  Epot (kJ/mol)        Coul-SR          LJ-SR   
Protein-Protein   -9.91265e+02   -2.34197e+04
 Protein-SolIon   -1.15930e+02   -1.14438e+04
Protein-Membrane   -5.92593e+01   -2.63559e+03
  SolIon-SolIon   -2.46672e+03   -3.71478e+05
SolIon-Membrane   -3.73903e+02   -5.27020e+04
Membrane-Membrane   -2.79864e+03   -1.09321e+05

      T-Protein       T-SolIon     T-Membrane
    3.00116e+02    2.99830e+02    2.99415e+02


	M E G A - F L O P S   A C C O U N T I N G

 NB=Group-cutoff nonbonded kernels    NxN=N-by-N cluster Verlet kernels
 RF=Reaction-Field  VdW=Van der Waals  QSTab=quadratic-spline table
 W3=SPC/TIP3p  W4=TIP4p (single or pairs)
 V&F=Potential and force  V=Potential only  F=Force only

 Computing:                               M-Number         M-Flops  % Flops
-----------------------------------------------------------------------------
 Pair Search distance check            2830.525474       25474.729     1.4
 NxN RF Elec. + LJ [F]                 9361.330560      355730.561    20.1
 NxN RF Elec. + LJ [V&F]                 95.164784        5138.898     0.3
 NxN LJ [F]                           40519.091232     1337130.011    75.6
 NxN LJ [V&F]                           411.920288       17712.572     1.0
 NxN RF Electrostatics [F]               25.515104         790.968     0.0
 NxN RF Electrostatics [V&F]              0.259632           9.347     0.0
 Shift-X                                 17.917840         107.507     0.0
 Bonds                                  127.588731        7527.735     0.4
 Angles                                  93.300519       15674.487     0.9
 Propers                                  0.015501           3.550     0.0
 Impropers                                1.162575         241.816     0.0
 Virial                                  17.952760         323.150     0.0
 Stop-CM                                  3.602040          36.020     0.0
 Calc-Ekin                               35.835680         967.563     0.1
 Lincs                                    4.882815         292.969     0.0
 Lincs-Mat                               73.474740         293.899     0.0
 Constraint-V                             9.765630          78.125     0.0
 Constraint-Vir                           0.244440           5.867     0.0
-----------------------------------------------------------------------------
 Total                                                 1767539.774   100.0
-----------------------------------------------------------------------------


     R E A L   C Y C L E   A N D   T I M E   A C C O U N T I N G

On 1 MPI rank, each using 4 OpenMP threads

 Computing:          Num   Num      Call    Wall time         Giga-Cycles
                     Ranks Threads  Count      (s)         total sum    %
-----------------------------------------------------------------------------
 Neighbor search        1    4        776      19.040        136.780   5.3
 Force                  1    4      15501     222.618       1599.220  62.4
 NB X/F buffer ops.     1    4      30226      94.008        675.321  26.3
 Write traj.            1    4         17       0.261          1.875   0.1
 Update                 1    4      15501       9.717         69.801   2.7
 Constraints            1    4      15501       8.783         63.091   2.5
 Rest                                           2.468         17.726   0.7
-----------------------------------------------------------------------------
 Total                                        356.894       2563.814 100.0
-----------------------------------------------------------------------------

               Core t (s)   Wall t (s)        (%)
       Time:     1427.576      356.894      400.0
                 (ns/day)    (hour/ns)
Performance:      112.578        0.213
Finished mdrun on rank 0 Sun Sep 16 14:01:09 2018
